Using pre-set license
Built from '2020.3/staging' branch; Version is '2020.3.3f1 (76626098c1c4) revision 7758432'; Using compiler version '192528614'; Build Type 'Release'
OS: 'Windows 10 Home; OS build 19043.1165; Version 2009; 64bit' Language: 'en' Physical Memory: 16240 MB
BatchMode: 1, IsHumanControllingUs: 0, StartBugReporterOnCrash: 0, Is64bit: 1, IsPro: 0

 COMMAND LINE ARGUMENTS:
C:\Program Files\Unity\Hub\Editor\2020.3.3f1\Editor\Unity.exe
-adb2
-batchMode
-noUpm
-name
AssetImportWorker0
-projectPath
C:/Users/Yosef Davidovich/Documents/GitHub/KeyBinder/samples/keybinder-unity-examples
-logFile
Logs/AssetImportWorker0.log
-srvPort
60666
Successfully changed project path to: C:/Users/Yosef Davidovich/Documents/GitHub/KeyBinder/samples/keybinder-unity-examples
C:/Users/Yosef Davidovich/Documents/GitHub/KeyBinder/samples/keybinder-unity-examples
Using Asset Import Pipeline V2.
Refreshing native plugins compatible for Editor in 56.90 ms, found 1 plugins.
Preloading 0 native plugins for Editor in 0.00 ms.
Initialize engine version: 2020.3.3f1 (76626098c1c4)
[Subsystems] Discovering subsystems at path C:/Program Files/Unity/Hub/Editor/2020.3.3f1/Editor/Data/Resources/UnitySubsystems
[Subsystems] Discovering subsystems at path C:/Users/Yosef Davidovich/Documents/GitHub/KeyBinder/samples/keybinder-unity-examples/Assets
GfxDevice: creating device client; threaded=0
Direct3D:
    Version:  Direct3D 11.0 [level 11.1]
    Renderer: NVIDIA GeForce GTX 1060 with Max-Q Design (ID=0x1c20)
    Vendor:   
    VRAM:     6052 MB
    Driver:   27.21.14.6109
Initialize mono
Mono path[0] = 'C:/Program Files/Unity/Hub/Editor/2020.3.3f1/Editor/Data/Managed'
Mono path[1] = 'C:/Program Files/Unity/Hub/Editor/2020.3.3f1/Editor/Data/MonoBleedingEdge/lib/mono/unityjit'
Mono config path = 'C:/Program Files/Unity/Hub/Editor/2020.3.3f1/Editor/Data/MonoBleedingEdge/etc'
Using monoOptions --debugger-agent=transport=dt_socket,embedding=1,server=y,suspend=n,address=127.0.0.1:56632
Begin MonoManager ReloadAssembly
Registering precompiled unity dll's ...
Register platform support module: C:/Program Files/Unity/Hub/Editor/2020.3.3f1/Editor/Data/PlaybackEngines/WebGLSupport/UnityEditor.WebGL.Extensions.dll
Register platform support module: C:/Program Files/Unity/Hub/Editor/2020.3.3f1/Editor/Data/PlaybackEngines/MacStandaloneSupport/UnityEditor.OSXStandalone.Extensions.dll
Register platform support module: C:/Program Files/Unity/Hub/Editor/2020.3.3f1/Editor/Data/PlaybackEngines/WindowsStandaloneSupport/UnityEditor.WindowsStandalone.Extensions.dll
Register platform support module: C:/Program Files/Unity/Hub/Editor/2020.3.3f1/Editor/Data/PlaybackEngines/LinuxStandaloneSupport/UnityEditor.LinuxStandalone.Extensions.dll
Registered in 0.005214 seconds.
Native extension for LinuxStandalone target not found
Native extension for WindowsStandalone target not found
Native extension for OSXStandalone target not found
Native extension for WebGL target not found
Refreshing native plugins compatible for Editor in 67.03 ms, found 1 plugins.
Preloading 0 native plugins for Editor in 0.00 ms.
Invoked RoslynAnalysisRunner static constructor.
RoslynAnalysisRunner will not be running.
RoslynAnalysisRunner has terminated.
Mono: successfully reloaded assembly
- Completed reload, in  3.750 seconds
Platform modules already initialized, skipping
Registering precompiled user dll's ...
Registered in 0.001439 seconds.
Begin MonoManager ReloadAssembly
Native extension for LinuxStandalone target not found
Native extension for WindowsStandalone target not found
Native extension for OSXStandalone target not found
Native extension for WebGL target not found
Refreshing native plugins compatible for Editor in 62.68 ms, found 1 plugins.
Preloading 0 native plugins for Editor in 0.00 ms.
Invoked RoslynAnalysisRunner static constructor.
RoslynAnalysisRunner will not be running.
RoslynAnalysisRunner has terminated.
Mono: successfully reloaded assembly
- Completed reload, in  1.711 seconds
Platform modules already initialized, skipping
========================================================================
Worker process is ready to serve import requests
Launched and connected shader compiler UnityShaderCompiler.exe after 0.20 seconds
Refreshing native plugins compatible for Editor in 0.37 ms, found 1 plugins.
Preloading 0 native plugins for Editor in 0.00 ms.
Unloading 1829 Unused Serialized files (Serialized files now loaded: 0)
System memory in use before: 87.9 MB.
System memory in use after: 87.9 MB.

Unloading 24 unused Assets to reduce memory usage. Loaded Objects now: 2273.
Total: 4.067300 ms (FindLiveObjects: 1.450800 ms CreateObjectMapping: 0.464000 ms MarkObjects: 2.000500 ms  DeleteObjects: 0.149800 ms)

========================================================================
Received Import Request.
  path: Assets/Scripts/Extensions.cs
  artifactKey: Guid(5e9cf6ede0c02c34faa54634947fead1) Importer(815301076,1909f56bfc062723c751e8b465ee728b)
Start importing Assets/Scripts/Extensions.cs using Guid(5e9cf6ede0c02c34faa54634947fead1) Importer(815301076,1909f56bfc062723c751e8b465ee728b)  -> (artifact id: 'cc2e6e9ada72dd042feb32f76d37047a') in 0.047604 seconds
  Import took 0.054786 seconds .

========================================================================
Received Import Request.
  Time since last request: 0.000324 seconds.
  path: Assets/Scripts/KeyDetector.cs
  artifactKey: Guid(91dd1653006fe3b4ba3ab61fee8ef529) Importer(815301076,1909f56bfc062723c751e8b465ee728b)
Start importing Assets/Scripts/KeyDetector.cs using Guid(91dd1653006fe3b4ba3ab61fee8ef529) Importer(815301076,1909f56bfc062723c751e8b465ee728b)  -> (artifact id: 'ab680df7664c0930d5dbf541a523bebb') in 0.003804 seconds
  Import took 0.008827 seconds .

========================================================================
Received Import Request.
  Time since last request: 8.105377 seconds.
  path: Assets/Scripts/InputFilter.cs
  artifactKey: Guid(3364bf078bbb3f54caecbcaff71b0832) Importer(815301076,1909f56bfc062723c751e8b465ee728b)
Start importing Assets/Scripts/InputFilter.cs using Guid(3364bf078bbb3f54caecbcaff71b0832) Importer(815301076,1909f56bfc062723c751e8b465ee728b)  -> (artifact id: 'e175351f93788c672b15c546fe6e2aab') in 0.015559 seconds
  Import took 0.023067 seconds .

