Using pre-set license
Built from '2020.3/staging' branch; Version is '2020.3.3f1 (76626098c1c4) revision 7758432'; Using compiler version '192528614'; Build Type 'Release'
OS: 'Windows 10 Home; OS build 19043.1165; Version 2009; 64bit' Language: 'en' Physical Memory: 16240 MB
BatchMode: 1, IsHumanControllingUs: 0, StartBugReporterOnCrash: 0, Is64bit: 1, IsPro: 0

 COMMAND LINE ARGUMENTS:
C:\Program Files\Unity\Hub\Editor\2020.3.3f1\Editor\Unity.exe
-adb2
-batchMode
-noUpm
-name
AssetImportWorker0
-projectPath
C:/Users/Yosef Davidovich/Documents/GitHub/KeyBinder/samples/keybinder-unity-examples
-logFile
Logs/AssetImportWorker0.log
-srvPort
56733
Successfully changed project path to: C:/Users/Yosef Davidovich/Documents/GitHub/KeyBinder/samples/keybinder-unity-examples
C:/Users/Yosef Davidovich/Documents/GitHub/KeyBinder/samples/keybinder-unity-examples
Using Asset Import Pipeline V2.
Refreshing native plugins compatible for Editor in 43.26 ms, found 1 plugins.
Preloading 0 native plugins for Editor in 0.00 ms.
Initialize engine version: 2020.3.3f1 (76626098c1c4)
[Subsystems] Discovering subsystems at path C:/Program Files/Unity/Hub/Editor/2020.3.3f1/Editor/Data/Resources/UnitySubsystems
[Subsystems] Discovering subsystems at path C:/Users/Yosef Davidovich/Documents/GitHub/KeyBinder/samples/keybinder-unity-examples/Assets
GfxDevice: creating device client; threaded=0
Direct3D:
    Version:  Direct3D 11.0 [level 11.1]
    Renderer: NVIDIA GeForce GTX 1060 with Max-Q Design (ID=0x1c20)
    Vendor:   
    VRAM:     6052 MB
    Driver:   27.21.14.6109
Initialize mono
Mono path[0] = 'C:/Program Files/Unity/Hub/Editor/2020.3.3f1/Editor/Data/Managed'
Mono path[1] = 'C:/Program Files/Unity/Hub/Editor/2020.3.3f1/Editor/Data/MonoBleedingEdge/lib/mono/unityjit'
Mono config path = 'C:/Program Files/Unity/Hub/Editor/2020.3.3f1/Editor/Data/MonoBleedingEdge/etc'
Using monoOptions --debugger-agent=transport=dt_socket,embedding=1,server=y,suspend=n,address=127.0.0.1:56856
Begin MonoManager ReloadAssembly
Registering precompiled unity dll's ...
Register platform support module: C:/Program Files/Unity/Hub/Editor/2020.3.3f1/Editor/Data/PlaybackEngines/WebGLSupport/UnityEditor.WebGL.Extensions.dll
Register platform support module: C:/Program Files/Unity/Hub/Editor/2020.3.3f1/Editor/Data/PlaybackEngines/MacStandaloneSupport/UnityEditor.OSXStandalone.Extensions.dll
Register platform support module: C:/Program Files/Unity/Hub/Editor/2020.3.3f1/Editor/Data/PlaybackEngines/WindowsStandaloneSupport/UnityEditor.WindowsStandalone.Extensions.dll
Register platform support module: C:/Program Files/Unity/Hub/Editor/2020.3.3f1/Editor/Data/PlaybackEngines/LinuxStandaloneSupport/UnityEditor.LinuxStandalone.Extensions.dll
Registered in 0.005324 seconds.
Native extension for LinuxStandalone target not found
Native extension for WindowsStandalone target not found
Native extension for OSXStandalone target not found
Native extension for WebGL target not found
Refreshing native plugins compatible for Editor in 69.47 ms, found 1 plugins.
Preloading 0 native plugins for Editor in 0.00 ms.
Invoked RoslynAnalysisRunner static constructor.
RoslynAnalysisRunner will not be running.
RoslynAnalysisRunner has terminated.
Mono: successfully reloaded assembly
- Completed reload, in  2.655 seconds
Platform modules already initialized, skipping
Registering precompiled user dll's ...
Registered in 0.001408 seconds.
Begin MonoManager ReloadAssembly
Native extension for LinuxStandalone target not found
Native extension for WindowsStandalone target not found
Native extension for OSXStandalone target not found
Native extension for WebGL target not found
Refreshing native plugins compatible for Editor in 42.77 ms, found 1 plugins.
Preloading 0 native plugins for Editor in 0.00 ms.
Invoked RoslynAnalysisRunner static constructor.
RoslynAnalysisRunner will not be running.
RoslynAnalysisRunner has terminated.
Mono: successfully reloaded assembly
- Completed reload, in  1.187 seconds
Platform modules already initialized, skipping
========================================================================
Worker process is ready to serve import requests
Launched and connected shader compiler UnityShaderCompiler.exe after 0.13 seconds
Refreshing native plugins compatible for Editor in 0.35 ms, found 1 plugins.
Preloading 0 native plugins for Editor in 0.00 ms.
Unloading 1808 Unused Serialized files (Serialized files now loaded: 0)
System memory in use before: 85.5 MB.
System memory in use after: 85.4 MB.

Unloading 24 unused Assets to reduce memory usage. Loaded Objects now: 2250.
Total: 2.505600 ms (FindLiveObjects: 0.211600 ms CreateObjectMapping: 0.064000 ms MarkObjects: 2.085800 ms  DeleteObjects: 0.142500 ms)

========================================================================
Received Import Request.
  path: Assets/Scripts
  artifactKey: Guid(0c57275e33aa08f43b080f387fff1102) Importer(815301076,1909f56bfc062723c751e8b465ee728b)
Start importing Assets/Scripts using Guid(0c57275e33aa08f43b080f387fff1102) Importer(815301076,1909f56bfc062723c751e8b465ee728b)  -> (artifact id: '73741415d63445f274df76149ad20acb') in 0.005985 seconds
  Import took 0.009627 seconds .

========================================================================
Received Import Request.
  Time since last request: 2.854624 seconds.
  path: Assets/Scripts
  artifactKey: Guid(0c57275e33aa08f43b080f387fff1102) Importer(815301076,1909f56bfc062723c751e8b465ee728b)
Start importing Assets/Scripts using Guid(0c57275e33aa08f43b080f387fff1102) Importer(815301076,1909f56bfc062723c751e8b465ee728b)  -> (artifact id: '73741415d63445f274df76149ad20acb') in 0.003517 seconds
  Import took 0.007730 seconds .

========================================================================
Received Import Request.
  Time since last request: 7.608087 seconds.
  path: Assets/Scripts/KeyBinder.cs
  artifactKey: Guid(91dd1653006fe3b4ba3ab61fee8ef529) Importer(815301076,1909f56bfc062723c751e8b465ee728b)
Start importing Assets/Scripts/KeyBinder.cs using Guid(91dd1653006fe3b4ba3ab61fee8ef529) Importer(815301076,1909f56bfc062723c751e8b465ee728b)  -> (artifact id: '7e81026a528b906f8bd2f61830b9bba7') in 0.030918 seconds
  Import took 0.034754 seconds .

========================================================================
Received Prepare
Registering precompiled user dll's ...
Registered in 0.002202 seconds.
Begin MonoManager ReloadAssembly
Native extension for LinuxStandalone target not found
Native extension for WindowsStandalone target not found
Native extension for OSXStandalone target not found
Native extension for WebGL target not found
Refreshing native plugins compatible for Editor in 0.37 ms, found 1 plugins.
Preloading 0 native plugins for Editor in 0.00 ms.
Invoked RoslynAnalysisRunner static constructor.
RoslynAnalysisRunner will not be running.
RoslynAnalysisRunner has terminated.
Mono: successfully reloaded assembly
- Completed reload, in  1.674 seconds
Platform modules already initialized, skipping
Refreshing native plugins compatible for Editor in 0.67 ms, found 1 plugins.
Preloading 0 native plugins for Editor in 0.00 ms.
Unloading 1804 Unused Serialized files (Serialized files now loaded: 0)
System memory in use before: 85.4 MB.
System memory in use after: 85.4 MB.

Unloading 12 unused Assets to reduce memory usage. Loaded Objects now: 2255.
Total: 2.501100 ms (FindLiveObjects: 0.207700 ms CreateObjectMapping: 0.107700 ms MarkObjects: 2.069200 ms  DeleteObjects: 0.114900 ms)

========================================================================
Received Prepare
Registering precompiled user dll's ...
Registered in 0.001375 seconds.
Begin MonoManager ReloadAssembly
Native extension for LinuxStandalone target not found
Native extension for WindowsStandalone target not found
Native extension for OSXStandalone target not found
Native extension for WebGL target not found
Refreshing native plugins compatible for Editor in 0.37 ms, found 1 plugins.
Preloading 0 native plugins for Editor in 0.00 ms.
Invoked RoslynAnalysisRunner static constructor.
RoslynAnalysisRunner will not be running.
RoslynAnalysisRunner has terminated.
Mono: successfully reloaded assembly
- Completed reload, in  1.145 seconds
Platform modules already initialized, skipping
Refreshing native plugins compatible for Editor in 0.58 ms, found 1 plugins.
Preloading 0 native plugins for Editor in 0.00 ms.
Unloading 1804 Unused Serialized files (Serialized files now loaded: 0)
System memory in use before: 85.5 MB.
System memory in use after: 85.5 MB.

Unloading 12 unused Assets to reduce memory usage. Loaded Objects now: 2259.
Total: 2.458000 ms (FindLiveObjects: 0.255700 ms CreateObjectMapping: 0.076900 ms MarkObjects: 2.006500 ms  DeleteObjects: 0.116800 ms)

========================================================================
Received Import Request.
  Time since last request: 101.372487 seconds.
  path: Assets/Scripts/KeyBinder.cs
  artifactKey: Guid(91dd1653006fe3b4ba3ab61fee8ef529) Importer(815301076,1909f56bfc062723c751e8b465ee728b)
Start importing Assets/Scripts/KeyBinder.cs using Guid(91dd1653006fe3b4ba3ab61fee8ef529) Importer(815301076,1909f56bfc062723c751e8b465ee728b)  -> (artifact id: '6bd6f83a293ab833db553774dad21fa7') in 0.007026 seconds
  Import took 0.011797 seconds .

========================================================================
Received Import Request.
  Time since last request: 89.566294 seconds.
  path: Assets/Scripts/KeyBinder.cs
  artifactKey: Guid(91dd1653006fe3b4ba3ab61fee8ef529) Importer(815301076,1909f56bfc062723c751e8b465ee728b)
Start importing Assets/Scripts/KeyBinder.cs using Guid(91dd1653006fe3b4ba3ab61fee8ef529) Importer(815301076,1909f56bfc062723c751e8b465ee728b)  -> (artifact id: 'c30e053a297ea8fe349f9fe2f278a28a') in 0.003104 seconds
  Import took 0.006632 seconds .

========================================================================
Received Import Request.
  Time since last request: 2149.707344 seconds.
  path: Assets/Scripts/KeyBinder.cs
  artifactKey: Guid(91dd1653006fe3b4ba3ab61fee8ef529) Importer(815301076,1909f56bfc062723c751e8b465ee728b)
Start importing Assets/Scripts/KeyBinder.cs using Guid(91dd1653006fe3b4ba3ab61fee8ef529) Importer(815301076,1909f56bfc062723c751e8b465ee728b)  -> (artifact id: 'a98c7b33fd508a38af1dff26110b3e45') in 0.003083 seconds
  Import took 0.009354 seconds .

========================================================================
Received Prepare
Registering precompiled user dll's ...
Registered in 0.001410 seconds.
Begin MonoManager ReloadAssembly
Native extension for LinuxStandalone target not found
Native extension for WindowsStandalone target not found
Native extension for OSXStandalone target not found
Native extension for WebGL target not found
Refreshing native plugins compatible for Editor in 0.38 ms, found 1 plugins.
Preloading 0 native plugins for Editor in 0.00 ms.
Invoked RoslynAnalysisRunner static constructor.
RoslynAnalysisRunner will not be running.
RoslynAnalysisRunner has terminated.
Mono: successfully reloaded assembly
- Completed reload, in  1.089 seconds
Platform modules already initialized, skipping
Refreshing native plugins compatible for Editor in 0.38 ms, found 1 plugins.
Preloading 0 native plugins for Editor in 0.00 ms.
Unloading 1804 Unused Serialized files (Serialized files now loaded: 0)
System memory in use before: 85.5 MB.
System memory in use after: 85.5 MB.

Unloading 12 unused Assets to reduce memory usage. Loaded Objects now: 2263.
Total: 3.115000 ms (FindLiveObjects: 0.272100 ms CreateObjectMapping: 0.078000 ms MarkObjects: 2.627400 ms  DeleteObjects: 0.135800 ms)

========================================================================
Received Import Request.
  Time since last request: 634.012684 seconds.
  path: Assets/Scripts/KeyBinder.cs
  artifactKey: Guid(91dd1653006fe3b4ba3ab61fee8ef529) Importer(815301076,1909f56bfc062723c751e8b465ee728b)
Start importing Assets/Scripts/KeyBinder.cs using Guid(91dd1653006fe3b4ba3ab61fee8ef529) Importer(815301076,1909f56bfc062723c751e8b465ee728b)  -> (artifact id: '5bc29ac96199d35982d1c843fd6b7e64') in 0.005844 seconds
  Import took 0.009057 seconds .

========================================================================
Received Import Request.
  Time since last request: 16.594490 seconds.
  path: Assets/Scripts/Example-Script01.cs
  artifactKey: Guid(f1b21726c273c394399274d5e86234b5) Importer(815301076,1909f56bfc062723c751e8b465ee728b)
Start importing Assets/Scripts/Example-Script01.cs using Guid(f1b21726c273c394399274d5e86234b5) Importer(815301076,1909f56bfc062723c751e8b465ee728b)  -> (artifact id: '2153d762494bf29fa755594249f6cb28') in 0.004071 seconds
  Import took 0.009372 seconds .

========================================================================
Received Prepare
Registering precompiled user dll's ...
Registered in 0.001374 seconds.
Begin MonoManager ReloadAssembly
Native extension for LinuxStandalone target not found
Native extension for WindowsStandalone target not found
Native extension for OSXStandalone target not found
Native extension for WebGL target not found
Refreshing native plugins compatible for Editor in 0.37 ms, found 1 plugins.
Preloading 0 native plugins for Editor in 0.00 ms.
Invoked RoslynAnalysisRunner static constructor.
RoslynAnalysisRunner will not be running.
RoslynAnalysisRunner has terminated.
Mono: successfully reloaded assembly
- Completed reload, in  1.355 seconds
Platform modules already initialized, skipping
Refreshing native plugins compatible for Editor in 0.72 ms, found 1 plugins.
Preloading 0 native plugins for Editor in 0.00 ms.
Unloading 1805 Unused Serialized files (Serialized files now loaded: 0)
System memory in use before: 85.5 MB.
System memory in use after: 85.5 MB.

Unloading 12 unused Assets to reduce memory usage. Loaded Objects now: 2268.
Total: 3.081200 ms (FindLiveObjects: 0.379700 ms CreateObjectMapping: 0.125200 ms MarkObjects: 2.417900 ms  DeleteObjects: 0.156600 ms)

========================================================================
Received Import Request.
  Time since last request: 97.681847 seconds.
  path: Assets/Scripts/ExampleScript01.cs
  artifactKey: Guid(f1b21726c273c394399274d5e86234b5) Importer(815301076,1909f56bfc062723c751e8b465ee728b)
Start importing Assets/Scripts/ExampleScript01.cs using Guid(f1b21726c273c394399274d5e86234b5) Importer(815301076,1909f56bfc062723c751e8b465ee728b)  -> (artifact id: '5c96db994ea6337406047f3d059c2a7f') in 0.008565 seconds
  Import took 0.013271 seconds .

========================================================================
Received Prepare
Registering precompiled user dll's ...
Registered in 0.001489 seconds.
Begin MonoManager ReloadAssembly
Native extension for LinuxStandalone target not found
Native extension for WindowsStandalone target not found
Native extension for OSXStandalone target not found
Native extension for WebGL target not found
Refreshing native plugins compatible for Editor in 0.37 ms, found 1 plugins.
Preloading 0 native plugins for Editor in 0.00 ms.
Invoked RoslynAnalysisRunner static constructor.
RoslynAnalysisRunner will not be running.
RoslynAnalysisRunner has terminated.
Mono: successfully reloaded assembly
- Completed reload, in  1.084 seconds
Platform modules already initialized, skipping
Refreshing native plugins compatible for Editor in 0.35 ms, found 1 plugins.
Preloading 0 native plugins for Editor in 0.00 ms.
Unloading 1805 Unused Serialized files (Serialized files now loaded: 0)
System memory in use before: 85.5 MB.
System memory in use after: 85.5 MB.

Unloading 12 unused Assets to reduce memory usage. Loaded Objects now: 2272.
Total: 2.281700 ms (FindLiveObjects: 0.193000 ms CreateObjectMapping: 0.067800 ms MarkObjects: 1.910800 ms  DeleteObjects: 0.108900 ms)

========================================================================
Received Import Request.
  Time since last request: 56.222677 seconds.
  path: Assets/Scripts/ExampleScript01.cs
  artifactKey: Guid(f1b21726c273c394399274d5e86234b5) Importer(815301076,1909f56bfc062723c751e8b465ee728b)
Start importing Assets/Scripts/ExampleScript01.cs using Guid(f1b21726c273c394399274d5e86234b5) Importer(815301076,1909f56bfc062723c751e8b465ee728b)  -> (artifact id: '88f5f0e6d530da045f6672e645f28a34') in 0.006376 seconds
  Import took 0.012250 seconds .

========================================================================
Received Import Request.
  Time since last request: 11.096832 seconds.
  path: Assets/Scenes
  artifactKey: Guid(a86bfc613fe5b1a41a973b66c0d91fd0) Importer(815301076,1909f56bfc062723c751e8b465ee728b)
Start importing Assets/Scenes using Guid(a86bfc613fe5b1a41a973b66c0d91fd0) Importer(815301076,1909f56bfc062723c751e8b465ee728b)  -> (artifact id: '12aba9f878f22243609ae0d9192df4f4') in 0.005600 seconds
  Import took 0.009130 seconds .

========================================================================
Received Import Request.
  Time since last request: 2.053438 seconds.
  path: Assets/Scenes/SampleScene.unity
  artifactKey: Guid(2cda990e2423bbf4892e6590ba056729) Importer(815301076,1909f56bfc062723c751e8b465ee728b)
Start importing Assets/Scenes/SampleScene.unity using Guid(2cda990e2423bbf4892e6590ba056729) Importer(815301076,1909f56bfc062723c751e8b465ee728b)  -> (artifact id: '0a59ef0011206403181b6dace8b464c4') in 0.014967 seconds
  Import took 0.018240 seconds .

========================================================================
Received Import Request.
  Time since last request: 11.542701 seconds.
  path: Assets/Scenes/ExampleScene01.unity
  artifactKey: Guid(2cda990e2423bbf4892e6590ba056729) Importer(815301076,1909f56bfc062723c751e8b465ee728b)
Start importing Assets/Scenes/ExampleScene01.unity using Guid(2cda990e2423bbf4892e6590ba056729) Importer(815301076,1909f56bfc062723c751e8b465ee728b)  -> (artifact id: '34d43d745b0162fc2d3a722add502f0e') in 0.006108 seconds
  Import took 0.009851 seconds .

========================================================================
Received Prepare
Registering precompiled user dll's ...
Registered in 0.001401 seconds.
Begin MonoManager ReloadAssembly
Native extension for LinuxStandalone target not found
Native extension for WindowsStandalone target not found
Native extension for OSXStandalone target not found
Native extension for WebGL target not found
Refreshing native plugins compatible for Editor in 0.37 ms, found 1 plugins.
Preloading 0 native plugins for Editor in 0.00 ms.
Invoked RoslynAnalysisRunner static constructor.
RoslynAnalysisRunner will not be running.
RoslynAnalysisRunner has terminated.
Mono: successfully reloaded assembly
- Completed reload, in  1.108 seconds
Platform modules already initialized, skipping
Refreshing native plugins compatible for Editor in 0.36 ms, found 1 plugins.
Preloading 0 native plugins for Editor in 0.00 ms.
Unloading 1818 Unused Serialized files (Serialized files now loaded: 0)
System memory in use before: 87.5 MB.
System memory in use after: 86.9 MB.

Unloading 25 unused Assets to reduce memory usage. Loaded Objects now: 2276.
Total: 2.903000 ms (FindLiveObjects: 0.185800 ms CreateObjectMapping: 0.072300 ms MarkObjects: 2.235800 ms  DeleteObjects: 0.407900 ms)

========================================================================
Received Prepare
Registering precompiled user dll's ...
Registered in 0.001418 seconds.
Begin MonoManager ReloadAssembly
Native extension for LinuxStandalone target not found
Native extension for WindowsStandalone target not found
Native extension for OSXStandalone target not found
Native extension for WebGL target not found
Refreshing native plugins compatible for Editor in 0.38 ms, found 1 plugins.
Preloading 0 native plugins for Editor in 0.00 ms.
Invoked RoslynAnalysisRunner static constructor.
RoslynAnalysisRunner will not be running.
RoslynAnalysisRunner has terminated.
Mono: successfully reloaded assembly
- Completed reload, in  1.112 seconds
Platform modules already initialized, skipping
Refreshing native plugins compatible for Editor in 0.38 ms, found 1 plugins.
Preloading 0 native plugins for Editor in 0.00 ms.
Unloading 1818 Unused Serialized files (Serialized files now loaded: 0)
System memory in use before: 87.5 MB.
System memory in use after: 86.9 MB.

Unloading 25 unused Assets to reduce memory usage. Loaded Objects now: 2280.
Total: 3.697300 ms (FindLiveObjects: 0.341000 ms CreateObjectMapping: 0.094600 ms MarkObjects: 2.758400 ms  DeleteObjects: 0.502000 ms)

========================================================================
Received Prepare
Registering precompiled user dll's ...
Registered in 0.001391 seconds.
Begin MonoManager ReloadAssembly
Native extension for LinuxStandalone target not found
Native extension for WindowsStandalone target not found
Native extension for OSXStandalone target not found
Native extension for WebGL target not found
Refreshing native plugins compatible for Editor in 0.35 ms, found 1 plugins.
Preloading 0 native plugins for Editor in 0.00 ms.
Invoked RoslynAnalysisRunner static constructor.
RoslynAnalysisRunner will not be running.
RoslynAnalysisRunner has terminated.
Mono: successfully reloaded assembly
- Completed reload, in  1.096 seconds
Platform modules already initialized, skipping
Refreshing native plugins compatible for Editor in 0.35 ms, found 1 plugins.
Preloading 0 native plugins for Editor in 0.00 ms.
Unloading 1818 Unused Serialized files (Serialized files now loaded: 0)
System memory in use before: 87.6 MB.
System memory in use after: 86.9 MB.

Unloading 25 unused Assets to reduce memory usage. Loaded Objects now: 2284.
Total: 2.832400 ms (FindLiveObjects: 0.192000 ms CreateObjectMapping: 0.075000 ms MarkObjects: 2.149600 ms  DeleteObjects: 0.414300 ms)

========================================================================
Received Prepare
Registering precompiled user dll's ...
Registered in 0.002139 seconds.
Begin MonoManager ReloadAssembly
Native extension for LinuxStandalone target not found
Native extension for WindowsStandalone target not found
Native extension for OSXStandalone target not found
Native extension for WebGL target not found
Refreshing native plugins compatible for Editor in 0.38 ms, found 1 plugins.
Preloading 0 native plugins for Editor in 0.00 ms.
Invoked RoslynAnalysisRunner static constructor.
RoslynAnalysisRunner will not be running.
RoslynAnalysisRunner has terminated.
Mono: successfully reloaded assembly
- Completed reload, in  1.099 seconds
Platform modules already initialized, skipping
Refreshing native plugins compatible for Editor in 0.36 ms, found 1 plugins.
Preloading 0 native plugins for Editor in 0.00 ms.
Unloading 1818 Unused Serialized files (Serialized files now loaded: 0)
System memory in use before: 87.6 MB.
System memory in use after: 86.9 MB.

Unloading 25 unused Assets to reduce memory usage. Loaded Objects now: 2288.
Total: 2.528400 ms (FindLiveObjects: 0.175300 ms CreateObjectMapping: 0.063900 ms MarkObjects: 1.887300 ms  DeleteObjects: 0.400600 ms)

========================================================================
Received Prepare
Registering precompiled user dll's ...
Registered in 0.001754 seconds.
Begin MonoManager ReloadAssembly
Native extension for LinuxStandalone target not found
Native extension for WindowsStandalone target not found
Native extension for OSXStandalone target not found
Native extension for WebGL target not found
Refreshing native plugins compatible for Editor in 0.36 ms, found 1 plugins.
Preloading 0 native plugins for Editor in 0.00 ms.
Invoked RoslynAnalysisRunner static constructor.
RoslynAnalysisRunner will not be running.
RoslynAnalysisRunner has terminated.
Mono: successfully reloaded assembly
- Completed reload, in  1.121 seconds
Platform modules already initialized, skipping
Refreshing native plugins compatible for Editor in 0.37 ms, found 1 plugins.
Preloading 0 native plugins for Editor in 0.00 ms.
Unloading 1818 Unused Serialized files (Serialized files now loaded: 0)
System memory in use before: 87.6 MB.
System memory in use after: 86.9 MB.

Unloading 25 unused Assets to reduce memory usage. Loaded Objects now: 2292.
Total: 2.720900 ms (FindLiveObjects: 0.197300 ms CreateObjectMapping: 0.072000 ms MarkObjects: 2.021900 ms  DeleteObjects: 0.427900 ms)

========================================================================
Received Prepare
Registering precompiled user dll's ...
Registered in 0.001447 seconds.
Begin MonoManager ReloadAssembly
Native extension for LinuxStandalone target not found
Native extension for WindowsStandalone target not found
Native extension for OSXStandalone target not found
Native extension for WebGL target not found
Refreshing native plugins compatible for Editor in 0.36 ms, found 1 plugins.
Preloading 0 native plugins for Editor in 0.00 ms.
Invoked RoslynAnalysisRunner static constructor.
RoslynAnalysisRunner will not be running.
RoslynAnalysisRunner has terminated.
Mono: successfully reloaded assembly
- Completed reload, in  1.121 seconds
Platform modules already initialized, skipping
Refreshing native plugins compatible for Editor in 0.36 ms, found 1 plugins.
Preloading 0 native plugins for Editor in 0.00 ms.
Unloading 1818 Unused Serialized files (Serialized files now loaded: 0)
System memory in use before: 87.6 MB.
System memory in use after: 86.9 MB.

Unloading 25 unused Assets to reduce memory usage. Loaded Objects now: 2296.
Total: 2.706100 ms (FindLiveObjects: 0.210600 ms CreateObjectMapping: 0.078500 ms MarkObjects: 1.987800 ms  DeleteObjects: 0.427300 ms)

========================================================================
Received Prepare
Registering precompiled user dll's ...
Registered in 0.001483 seconds.
Begin MonoManager ReloadAssembly
Native extension for LinuxStandalone target not found
Native extension for WindowsStandalone target not found
Native extension for OSXStandalone target not found
Native extension for WebGL target not found
Refreshing native plugins compatible for Editor in 0.42 ms, found 1 plugins.
Preloading 0 native plugins for Editor in 0.00 ms.
Invoked RoslynAnalysisRunner static constructor.
RoslynAnalysisRunner will not be running.
RoslynAnalysisRunner has terminated.
Mono: successfully reloaded assembly
- Completed reload, in  1.136 seconds
Platform modules already initialized, skipping
Refreshing native plugins compatible for Editor in 0.37 ms, found 1 plugins.
Preloading 0 native plugins for Editor in 0.00 ms.
Unloading 1818 Unused Serialized files (Serialized files now loaded: 0)
System memory in use before: 87.6 MB.
System memory in use after: 86.9 MB.

Unloading 25 unused Assets to reduce memory usage. Loaded Objects now: 2300.
Total: 2.965700 ms (FindLiveObjects: 0.318400 ms CreateObjectMapping: 0.098300 ms MarkObjects: 2.135200 ms  DeleteObjects: 0.412300 ms)

========================================================================
Received Import Request.
  Time since last request: 1311.358659 seconds.
  path: Assets/Scenes/ExampleS
  artifactKey: Guid(e115088b20e0f5a478119f4f38a0df7a) Importer(815301076,1909f56bfc062723c751e8b465ee728b)
Start importing Assets/Scenes/ExampleS using Guid(e115088b20e0f5a478119f4f38a0df7a) Importer(815301076,1909f56bfc062723c751e8b465ee728b)  -> (artifact id: '31153b98bfb8eb3f094360b79a734695') in 0.010721 seconds
  Import took 0.016596 seconds .

========================================================================
Received Import Request.
  Time since last request: 0.524368 seconds.
  path: Assets/Scenes/ExampleScene01.unity
  artifactKey: Guid(2cda990e2423bbf4892e6590ba056729) Importer(815301076,1909f56bfc062723c751e8b465ee728b)
Start importing Assets/Scenes/ExampleScene01.unity using Guid(2cda990e2423bbf4892e6590ba056729) Importer(815301076,1909f56bfc062723c751e8b465ee728b)  -> (artifact id: '503430311d8035b3b3a0d27c57f93686') in 0.013814 seconds
  Import took 0.020184 seconds .

========================================================================
Received Prepare
Registering precompiled user dll's ...
Registered in 0.001426 seconds.
Begin MonoManager ReloadAssembly
Native extension for LinuxStandalone target not found
Native extension for WindowsStandalone target not found
Native extension for OSXStandalone target not found
Native extension for WebGL target not found
Refreshing native plugins compatible for Editor in 0.37 ms, found 1 plugins.
Preloading 0 native plugins for Editor in 0.00 ms.
Invoked RoslynAnalysisRunner static constructor.
RoslynAnalysisRunner will not be running.
RoslynAnalysisRunner has terminated.
Mono: successfully reloaded assembly
- Completed reload, in  1.145 seconds
Platform modules already initialized, skipping
Refreshing native plugins compatible for Editor in 0.37 ms, found 1 plugins.
Preloading 0 native plugins for Editor in 0.00 ms.
Unloading 1818 Unused Serialized files (Serialized files now loaded: 0)
System memory in use before: 87.6 MB.
System memory in use after: 86.9 MB.

Unloading 25 unused Assets to reduce memory usage. Loaded Objects now: 2304.
Total: 3.022700 ms (FindLiveObjects: 0.375100 ms CreateObjectMapping: 0.133500 ms MarkObjects: 2.084700 ms  DeleteObjects: 0.427600 ms)

========================================================================
Received Prepare
Registering precompiled user dll's ...
Registered in 0.001466 seconds.
Begin MonoManager ReloadAssembly
Native extension for LinuxStandalone target not found
Native extension for WindowsStandalone target not found
Native extension for OSXStandalone target not found
Native extension for WebGL target not found
Refreshing native plugins compatible for Editor in 0.37 ms, found 1 plugins.
Preloading 0 native plugins for Editor in 0.00 ms.
Invoked RoslynAnalysisRunner static constructor.
RoslynAnalysisRunner will not be running.
RoslynAnalysisRunner has terminated.
Mono: successfully reloaded assembly
- Completed reload, in  1.096 seconds
Platform modules already initialized, skipping
Refreshing native plugins compatible for Editor in 0.36 ms, found 1 plugins.
Preloading 0 native plugins for Editor in 0.00 ms.
Unloading 1818 Unused Serialized files (Serialized files now loaded: 0)
System memory in use before: 87.6 MB.
System memory in use after: 86.9 MB.

Unloading 25 unused Assets to reduce memory usage. Loaded Objects now: 2308.
Total: 2.795000 ms (FindLiveObjects: 0.331700 ms CreateObjectMapping: 0.074400 ms MarkObjects: 1.972600 ms  DeleteObjects: 0.414400 ms)

========================================================================
Received Prepare
Registering precompiled user dll's ...
Registered in 0.001423 seconds.
Begin MonoManager ReloadAssembly
Native extension for LinuxStandalone target not found
Native extension for WindowsStandalone target not found
Native extension for OSXStandalone target not found
Native extension for WebGL target not found
Refreshing native plugins compatible for Editor in 0.44 ms, found 1 plugins.
Preloading 0 native plugins for Editor in 0.00 ms.
Invoked RoslynAnalysisRunner static constructor.
RoslynAnalysisRunner will not be running.
RoslynAnalysisRunner has terminated.
Mono: successfully reloaded assembly
- Completed reload, in  1.411 seconds
Platform modules already initialized, skipping
Refreshing native plugins compatible for Editor in 0.37 ms, found 1 plugins.
Preloading 0 native plugins for Editor in 0.00 ms.
Unloading 1818 Unused Serialized files (Serialized files now loaded: 0)
System memory in use before: 87.6 MB.
System memory in use after: 86.9 MB.

Unloading 25 unused Assets to reduce memory usage. Loaded Objects now: 2312.
Total: 2.710500 ms (FindLiveObjects: 0.211700 ms CreateObjectMapping: 0.072000 ms MarkObjects: 1.991300 ms  DeleteObjects: 0.434000 ms)

========================================================================
Received Import Request.
  Time since last request: 392.511600 seconds.
  path: Assets/Example01
  artifactKey: Guid(e564b95f97bd1444192f2de6723f8615) Importer(815301076,1909f56bfc062723c751e8b465ee728b)
Start importing Assets/Example01 using Guid(e564b95f97bd1444192f2de6723f8615) Importer(815301076,1909f56bfc062723c751e8b465ee728b)  -> (artifact id: '89c1404a5313f17c210dfced60688f31') in 0.007284 seconds
  Import took 0.013041 seconds .

========================================================================
Received Import Request.
  Time since last request: 13.836653 seconds.
  path: Assets/Example01 1
  artifactKey: Guid(7d0b852a49bec324b8315d6e90a6e83a) Importer(815301076,1909f56bfc062723c751e8b465ee728b)
Start importing Assets/Example01 1 using Guid(7d0b852a49bec324b8315d6e90a6e83a) Importer(815301076,1909f56bfc062723c751e8b465ee728b)  -> (artifact id: 'a342ebd637910b81b673225a0379e6e8') in 0.006780 seconds
  Import took 0.011007 seconds .

========================================================================
Received Import Request.
  Time since last request: 3.822078 seconds.
  path: Assets/Example02
  artifactKey: Guid(7d0b852a49bec324b8315d6e90a6e83a) Importer(815301076,1909f56bfc062723c751e8b465ee728b)
Start importing Assets/Example02 using Guid(7d0b852a49bec324b8315d6e90a6e83a) Importer(815301076,1909f56bfc062723c751e8b465ee728b)  -> (artifact id: 'b456b169409a035a5dbd2fd0e446295c') in 0.004288 seconds
  Import took 0.010365 seconds .

========================================================================
Received Import Request.
  Time since last request: 1.168315 seconds.
  path: Assets/Example02/ExampleScene01.unity
  artifactKey: Guid(6515f16c6505fb840939cc23c974e415) Importer(815301076,1909f56bfc062723c751e8b465ee728b)
Start importing Assets/Example02/ExampleScene01.unity using Guid(6515f16c6505fb840939cc23c974e415) Importer(815301076,1909f56bfc062723c751e8b465ee728b)  -> (artifact id: '441f7dc808177bfb7452673eb5eccf5e') in 0.012453 seconds
  Import took 0.016152 seconds .

========================================================================
Received Import Request.
  Time since last request: 6.092476 seconds.
  path: Assets/Example02/ExampleScene02.unity
  artifactKey: Guid(6515f16c6505fb840939cc23c974e415) Importer(815301076,1909f56bfc062723c751e8b465ee728b)
Start importing Assets/Example02/ExampleScene02.unity using Guid(6515f16c6505fb840939cc23c974e415) Importer(815301076,1909f56bfc062723c751e8b465ee728b)  -> (artifact id: '6dcbf0009feeccc2bf40c655546e220a') in 0.008538 seconds
  Import took 0.013750 seconds .

========================================================================
Received Import Request.
  Time since last request: 0.419136 seconds.
  path: Assets/Example02/ExampleScript01.cs
  artifactKey: Guid(841a3390feb9d054f939126a7fdc6def) Importer(815301076,1909f56bfc062723c751e8b465ee728b)
Start importing Assets/Example02/ExampleScript01.cs using Guid(841a3390feb9d054f939126a7fdc6def) Importer(815301076,1909f56bfc062723c751e8b465ee728b)  -> (artifact id: '1099ebe01cbe9cdce2c8b7039b191e5d') in 0.004941 seconds
  Import took 0.008545 seconds .

========================================================================
Received Import Request.
  Time since last request: 0.001289 seconds.
  path: Assets/Example02/ExampleScript01.cs
  artifactKey: Guid(841a3390feb9d054f939126a7fdc6def) Importer(815301076,1909f56bfc062723c751e8b465ee728b)
Start importing Assets/Example02/ExampleScript01.cs using Guid(841a3390feb9d054f939126a7fdc6def) Importer(815301076,1909f56bfc062723c751e8b465ee728b)  -> (artifact id: '1099ebe01cbe9cdce2c8b7039b191e5d') in 0.004077 seconds
  Import took 0.007573 seconds .

========================================================================
Received Import Request.
  Time since last request: 4.197342 seconds.
  path: Assets/Example02/ExampleScript02.cs
  artifactKey: Guid(841a3390feb9d054f939126a7fdc6def) Importer(815301076,1909f56bfc062723c751e8b465ee728b)
Start importing Assets/Example02/ExampleScript02.cs using Guid(841a3390feb9d054f939126a7fdc6def) Importer(815301076,1909f56bfc062723c751e8b465ee728b)  -> (artifact id: '16ab7eb4c0e541710ffb6bf6822dff37') in 0.004448 seconds
  Import took 0.009473 seconds .

========================================================================
Received Prepare
Registering precompiled user dll's ...
Registered in 0.001494 seconds.
Begin MonoManager ReloadAssembly
Native extension for LinuxStandalone target not found
Native extension for WindowsStandalone target not found
Native extension for OSXStandalone target not found
Native extension for WebGL target not found
Refreshing native plugins compatible for Editor in 0.40 ms, found 1 plugins.
Preloading 0 native plugins for Editor in 0.00 ms.
Invoked RoslynAnalysisRunner static constructor.
RoslynAnalysisRunner will not be running.
RoslynAnalysisRunner has terminated.
Mono: successfully reloaded assembly
- Completed reload, in  1.290 seconds
Platform modules already initialized, skipping
Refreshing native plugins compatible for Editor in 0.43 ms, found 1 plugins.
Preloading 0 native plugins for Editor in 0.00 ms.
Unloading 1819 Unused Serialized files (Serialized files now loaded: 0)
System memory in use before: 87.7 MB.
System memory in use after: 87.0 MB.

Unloading 25 unused Assets to reduce memory usage. Loaded Objects now: 2317.
Total: 3.172200 ms (FindLiveObjects: 0.364900 ms CreateObjectMapping: 0.156100 ms MarkObjects: 2.199000 ms  DeleteObjects: 0.450200 ms)

========================================================================
Received Import Request.
  Time since last request: 67.910301 seconds.
  path: Assets/Example02/ExampleScript02.cs
  artifactKey: Guid(841a3390feb9d054f939126a7fdc6def) Importer(815301076,1909f56bfc062723c751e8b465ee728b)
Start importing Assets/Example02/ExampleScript02.cs using Guid(841a3390feb9d054f939126a7fdc6def) Importer(815301076,1909f56bfc062723c751e8b465ee728b)  -> (artifact id: '037f89b4de3ea76f56b263e7993d688b') in 0.007745 seconds
  Import took 0.015000 seconds .

========================================================================
Received Import Request.
  Time since last request: 48.287521 seconds.
  path: Assets
  artifactKey: Guid(00000000000000001000000000000000) Importer(815301076,1909f56bfc062723c751e8b465ee728b)
Start importing Assets using Guid(00000000000000001000000000000000) Importer(815301076,1909f56bfc062723c751e8b465ee728b)  -> (artifact id: 'b2e0e235c0f4af3754229b664788db90') in 0.005809 seconds
  Import took 0.011090 seconds .

========================================================================
Received Prepare
Registering precompiled user dll's ...
Registered in 0.001497 seconds.
Begin MonoManager ReloadAssembly
Native extension for LinuxStandalone target not found
Native extension for WindowsStandalone target not found
Native extension for OSXStandalone target not found
Native extension for WebGL target not found
Refreshing native plugins compatible for Editor in 0.40 ms, found 1 plugins.
Preloading 0 native plugins for Editor in 0.00 ms.
Invoked RoslynAnalysisRunner static constructor.
RoslynAnalysisRunner will not be running.
RoslynAnalysisRunner has terminated.
Mono: successfully reloaded assembly
- Completed reload, in  1.073 seconds
Platform modules already initialized, skipping
Refreshing native plugins compatible for Editor in 0.35 ms, found 1 plugins.
Preloading 0 native plugins for Editor in 0.00 ms.
Unloading 1819 Unused Serialized files (Serialized files now loaded: 0)
System memory in use before: 87.7 MB.
System memory in use after: 87.0 MB.

Unloading 25 unused Assets to reduce memory usage. Loaded Objects now: 2321.
Total: 2.831400 ms (FindLiveObjects: 0.338600 ms CreateObjectMapping: 0.127900 ms MarkObjects: 1.933500 ms  DeleteObjects: 0.429700 ms)

========================================================================
Received Import Request.
  Time since last request: 16.716562 seconds.
  path: Assets/Example03
  artifactKey: Guid(487111e0a95e1d447bb1a623872c29d9) Importer(815301076,1909f56bfc062723c751e8b465ee728b)
Start importing Assets/Example03 using Guid(487111e0a95e1d447bb1a623872c29d9) Importer(815301076,1909f56bfc062723c751e8b465ee728b)  -> (artifact id: 'f4f5fc102b5b9c217826ab15017cda09') in 0.007966 seconds
  Import took 0.011968 seconds .

========================================================================
Received Import Request.
  Time since last request: 8.740073 seconds.
  path: Assets/Example03/ExampleScript03.cs
  artifactKey: Guid(b1ad04e6770949c4a8d12d74fe45a1a7) Importer(815301076,1909f56bfc062723c751e8b465ee728b)
Start importing Assets/Example03/ExampleScript03.cs using Guid(b1ad04e6770949c4a8d12d74fe45a1a7) Importer(815301076,1909f56bfc062723c751e8b465ee728b)  -> (artifact id: 'a885b02233a0dd2cfc10fc3be2dba20e') in 0.004877 seconds
  Import took 0.010416 seconds .

========================================================================
Received Prepare
Registering precompiled user dll's ...
Registered in 0.001422 seconds.
Begin MonoManager ReloadAssembly
Native extension for LinuxStandalone target not found
Native extension for WindowsStandalone target not found
Native extension for OSXStandalone target not found
Native extension for WebGL target not found
Refreshing native plugins compatible for Editor in 0.41 ms, found 1 plugins.
Preloading 0 native plugins for Editor in 0.00 ms.
Invoked RoslynAnalysisRunner static constructor.
RoslynAnalysisRunner will not be running.
RoslynAnalysisRunner has terminated.
Mono: successfully reloaded assembly
- Completed reload, in  1.187 seconds
Platform modules already initialized, skipping
Refreshing native plugins compatible for Editor in 0.37 ms, found 1 plugins.
Preloading 0 native plugins for Editor in 0.00 ms.
Unloading 1820 Unused Serialized files (Serialized files now loaded: 0)
System memory in use before: 87.7 MB.
System memory in use after: 87.0 MB.

Unloading 25 unused Assets to reduce memory usage. Loaded Objects now: 2326.
Total: 2.471600 ms (FindLiveObjects: 0.196600 ms CreateObjectMapping: 0.070700 ms MarkObjects: 1.767200 ms  DeleteObjects: 0.435600 ms)

========================================================================
Received Import Request.
  Time since last request: 14.841048 seconds.
  path: Assets/Example03/ExampleScene03.unity
  artifactKey: Guid(61e17d006f1b9d748a91432c9b36bb28) Importer(815301076,1909f56bfc062723c751e8b465ee728b)
Start importing Assets/Example03/ExampleScene03.unity using Guid(61e17d006f1b9d748a91432c9b36bb28) Importer(815301076,1909f56bfc062723c751e8b465ee728b)  -> (artifact id: 'ff4db4a2b6013b1f67960955f9d514d7') in 0.020023 seconds
  Import took 0.024452 seconds .

========================================================================
Received Prepare
Registering precompiled user dll's ...
Registered in 0.001396 seconds.
Begin MonoManager ReloadAssembly
Native extension for LinuxStandalone target not found
Native extension for WindowsStandalone target not found
Native extension for OSXStandalone target not found
Native extension for WebGL target not found
Refreshing native plugins compatible for Editor in 0.44 ms, found 1 plugins.
Preloading 0 native plugins for Editor in 0.00 ms.
Invoked RoslynAnalysisRunner static constructor.
RoslynAnalysisRunner will not be running.
RoslynAnalysisRunner has terminated.
Mono: successfully reloaded assembly
- Completed reload, in  1.472 seconds
Platform modules already initialized, skipping
Refreshing native plugins compatible for Editor in 0.37 ms, found 1 plugins.
Preloading 0 native plugins for Editor in 0.00 ms.
Unloading 1821 Unused Serialized files (Serialized files now loaded: 0)
System memory in use before: 87.7 MB.
System memory in use after: 87.1 MB.

Unloading 25 unused Assets to reduce memory usage. Loaded Objects now: 2331.
Total: 2.527700 ms (FindLiveObjects: 0.188000 ms CreateObjectMapping: 0.071600 ms MarkObjects: 1.844400 ms  DeleteObjects: 0.422800 ms)

========================================================================
Received Prepare
Registering precompiled user dll's ...
Registered in 0.001410 seconds.
Begin MonoManager ReloadAssembly
Native extension for LinuxStandalone target not found
Native extension for WindowsStandalone target not found
Native extension for OSXStandalone target not found
Native extension for WebGL target not found
Refreshing native plugins compatible for Editor in 0.37 ms, found 1 plugins.
Preloading 0 native plugins for Editor in 0.00 ms.
Invoked RoslynAnalysisRunner static constructor.
RoslynAnalysisRunner will not be running.
RoslynAnalysisRunner has terminated.
Mono: successfully reloaded assembly
- Completed reload, in  1.123 seconds
Platform modules already initialized, skipping
Refreshing native plugins compatible for Editor in 0.62 ms, found 1 plugins.
Preloading 0 native plugins for Editor in 0.00 ms.
Unloading 1821 Unused Serialized files (Serialized files now loaded: 0)
System memory in use before: 87.8 MB.
System memory in use after: 87.1 MB.

Unloading 25 unused Assets to reduce memory usage. Loaded Objects now: 2335.
Total: 3.613000 ms (FindLiveObjects: 0.246900 ms CreateObjectMapping: 0.114200 ms MarkObjects: 2.630500 ms  DeleteObjects: 0.619200 ms)

========================================================================
Received Import Request.
  Time since last request: 692.710488 seconds.
  path: Assets/Example03/BulletPrefab.prefab
  artifactKey: Guid(c77fa3ac277cd774aae4d459c85b34af) Importer(815301076,1909f56bfc062723c751e8b465ee728b)
Start importing Assets/Example03/BulletPrefab.prefab using Guid(c77fa3ac277cd774aae4d459c85b34af) Importer(815301076,1909f56bfc062723c751e8b465ee728b)  -> (artifact id: '22af76271c37de6a408dd4226d5edd50') in 0.124716 seconds
  Import took 0.129102 seconds .

========================================================================
Received Import Request.
  Time since last request: 10.076425 seconds.
  path: Assets/Example03/BulletPrefab.prefab
  artifactKey: Guid(c77fa3ac277cd774aae4d459c85b34af) Importer(815301076,1909f56bfc062723c751e8b465ee728b)
Start importing Assets/Example03/BulletPrefab.prefab using Guid(c77fa3ac277cd774aae4d459c85b34af) Importer(815301076,1909f56bfc062723c751e8b465ee728b)  -> (artifact id: 'ace2fcc9425208e96036566db0a56962') in 0.015122 seconds
  Import took 0.022136 seconds .

========================================================================
Received Prepare
Registering precompiled user dll's ...
Registered in 0.001453 seconds.
Begin MonoManager ReloadAssembly
Native extension for LinuxStandalone target not found
Native extension for WindowsStandalone target not found
Native extension for OSXStandalone target not found
Native extension for WebGL target not found
Refreshing native plugins compatible for Editor in 0.38 ms, found 1 plugins.
Preloading 0 native plugins for Editor in 0.00 ms.
Invoked RoslynAnalysisRunner static constructor.
RoslynAnalysisRunner will not be running.
RoslynAnalysisRunner has terminated.
Mono: successfully reloaded assembly
- Completed reload, in  1.116 seconds
Platform modules already initialized, skipping
Refreshing native plugins compatible for Editor in 0.37 ms, found 1 plugins.
Preloading 0 native plugins for Editor in 0.00 ms.
Unloading 1821 Unused Serialized files (Serialized files now loaded: 0)
System memory in use before: 90.9 MB.
System memory in use after: 90.2 MB.

Unloading 25 unused Assets to reduce memory usage. Loaded Objects now: 2346.
Total: 2.733600 ms (FindLiveObjects: 0.205200 ms CreateObjectMapping: 0.074100 ms MarkObjects: 2.060000 ms  DeleteObjects: 0.392900 ms)

========================================================================
Received Import Request.
  Time since last request: 176.812266 seconds.
  path: Assets/Example03/BulletPrefab.prefab
  artifactKey: Guid(c77fa3ac277cd774aae4d459c85b34af) Importer(815301076,1909f56bfc062723c751e8b465ee728b)
Start importing Assets/Example03/BulletPrefab.prefab using Guid(c77fa3ac277cd774aae4d459c85b34af) Importer(815301076,1909f56bfc062723c751e8b465ee728b)  -> (artifact id: '9ecebb9ddc60e3c29a494811f6e634aa') in 0.064703 seconds
  Import took 0.070370 seconds .

========================================================================
Received Prepare
Registering precompiled user dll's ...
Registered in 0.001477 seconds.
Begin MonoManager ReloadAssembly
Native extension for LinuxStandalone target not found
Native extension for WindowsStandalone target not found
Native extension for OSXStandalone target not found
Native extension for WebGL target not found
Refreshing native plugins compatible for Editor in 0.36 ms, found 1 plugins.
Preloading 0 native plugins for Editor in 0.00 ms.
Invoked RoslynAnalysisRunner static constructor.
RoslynAnalysisRunner will not be running.
RoslynAnalysisRunner has terminated.
Mono: successfully reloaded assembly
- Completed reload, in  1.111 seconds
Platform modules already initialized, skipping
Refreshing native plugins compatible for Editor in 0.36 ms, found 1 plugins.
Preloading 0 native plugins for Editor in 0.00 ms.
Unloading 1821 Unused Serialized files (Serialized files now loaded: 0)
System memory in use before: 90.9 MB.
System memory in use after: 90.2 MB.

Unloading 25 unused Assets to reduce memory usage. Loaded Objects now: 2351.
Total: 2.775100 ms (FindLiveObjects: 0.198800 ms CreateObjectMapping: 0.077500 ms MarkObjects: 2.089200 ms  DeleteObjects: 0.408300 ms)

========================================================================
Received Prepare
Registering precompiled user dll's ...
Registered in 0.001378 seconds.
Begin MonoManager ReloadAssembly
Native extension for LinuxStandalone target not found
Native extension for WindowsStandalone target not found
Native extension for OSXStandalone target not found
Native extension for WebGL target not found
Refreshing native plugins compatible for Editor in 0.37 ms, found 1 plugins.
Preloading 0 native plugins for Editor in 0.00 ms.
Invoked RoslynAnalysisRunner static constructor.
RoslynAnalysisRunner will not be running.
RoslynAnalysisRunner has terminated.
Mono: successfully reloaded assembly
- Completed reload, in  1.171 seconds
Platform modules already initialized, skipping
Refreshing native plugins compatible for Editor in 0.37 ms, found 1 plugins.
Preloading 0 native plugins for Editor in 0.00 ms.
Unloading 1821 Unused Serialized files (Serialized files now loaded: 0)
System memory in use before: 90.9 MB.
System memory in use after: 90.2 MB.

Unloading 25 unused Assets to reduce memory usage. Loaded Objects now: 2355.
Total: 2.727800 ms (FindLiveObjects: 0.283600 ms CreateObjectMapping: 0.095600 ms MarkObjects: 1.936400 ms  DeleteObjects: 0.410800 ms)

========================================================================
Received Prepare
Registering precompiled user dll's ...
Registered in 0.001995 seconds.
Begin MonoManager ReloadAssembly
Native extension for LinuxStandalone target not found
Native extension for WindowsStandalone target not found
Native extension for OSXStandalone target not found
Native extension for WebGL target not found
Refreshing native plugins compatible for Editor in 0.38 ms, found 1 plugins.
Preloading 0 native plugins for Editor in 0.00 ms.
Invoked RoslynAnalysisRunner static constructor.
RoslynAnalysisRunner will not be running.
RoslynAnalysisRunner has terminated.
Mono: successfully reloaded assembly
- Completed reload, in  1.085 seconds
Platform modules already initialized, skipping
Refreshing native plugins compatible for Editor in 0.35 ms, found 1 plugins.
Preloading 0 native plugins for Editor in 0.00 ms.
Unloading 1821 Unused Serialized files (Serialized files now loaded: 0)
System memory in use before: 90.9 MB.
System memory in use after: 90.2 MB.

Unloading 25 unused Assets to reduce memory usage. Loaded Objects now: 2359.
Total: 2.821700 ms (FindLiveObjects: 0.267400 ms CreateObjectMapping: 0.078900 ms MarkObjects: 2.064400 ms  DeleteObjects: 0.409600 ms)

========================================================================
Received Prepare
Registering precompiled user dll's ...
Registered in 0.001453 seconds.
Begin MonoManager ReloadAssembly
Native extension for LinuxStandalone target not found
Native extension for WindowsStandalone target not found
Native extension for OSXStandalone target not found
Native extension for WebGL target not found
Refreshing native plugins compatible for Editor in 0.71 ms, found 1 plugins.
Preloading 0 native plugins for Editor in 0.00 ms.
Invoked RoslynAnalysisRunner static constructor.
RoslynAnalysisRunner will not be running.
RoslynAnalysisRunner has terminated.
Mono: successfully reloaded assembly
- Completed reload, in  1.142 seconds
Platform modules already initialized, skipping
Refreshing native plugins compatible for Editor in 0.36 ms, found 1 plugins.
Preloading 0 native plugins for Editor in 0.00 ms.
Unloading 1821 Unused Serialized files (Serialized files now loaded: 0)
System memory in use before: 90.9 MB.
System memory in use after: 90.2 MB.

Unloading 25 unused Assets to reduce memory usage. Loaded Objects now: 2363.
Total: 2.867900 ms (FindLiveObjects: 0.210600 ms CreateObjectMapping: 0.080200 ms MarkObjects: 2.153500 ms  DeleteObjects: 0.422100 ms)

========================================================================
Received Import Request.
  Time since last request: 224.538427 seconds.
  path: Assets/Example01/ExampleScript01.cs
  artifactKey: Guid(f1b21726c273c394399274d5e86234b5) Importer(815301076,1909f56bfc062723c751e8b465ee728b)
Start importing Assets/Example01/ExampleScript01.cs using Guid(f1b21726c273c394399274d5e86234b5) Importer(815301076,1909f56bfc062723c751e8b465ee728b)  -> (artifact id: '6d911be3e310a0152f6f19777ddcaa91') in 0.007655 seconds
  Import took 0.011219 seconds .

========================================================================
Received Prepare
Registering precompiled user dll's ...
Registered in 0.001443 seconds.
Begin MonoManager ReloadAssembly
Native extension for LinuxStandalone target not found
Native extension for WindowsStandalone target not found
Native extension for OSXStandalone target not found
Native extension for WebGL target not found
Refreshing native plugins compatible for Editor in 0.39 ms, found 1 plugins.
Preloading 0 native plugins for Editor in 0.00 ms.
Invoked RoslynAnalysisRunner static constructor.
RoslynAnalysisRunner will not be running.
RoslynAnalysisRunner has terminated.
Mono: successfully reloaded assembly
- Completed reload, in  1.123 seconds
Platform modules already initialized, skipping
Refreshing native plugins compatible for Editor in 0.37 ms, found 1 plugins.
Preloading 0 native plugins for Editor in 0.00 ms.
Unloading 1821 Unused Serialized files (Serialized files now loaded: 0)
System memory in use before: 90.9 MB.
System memory in use after: 90.2 MB.

Unloading 25 unused Assets to reduce memory usage. Loaded Objects now: 2367.
Total: 3.016900 ms (FindLiveObjects: 0.299600 ms CreateObjectMapping: 0.084200 ms MarkObjects: 2.203700 ms  DeleteObjects: 0.426500 ms)

========================================================================
Received Prepare
Registering precompiled user dll's ...
Registered in 0.001378 seconds.
Begin MonoManager ReloadAssembly
Native extension for LinuxStandalone target not found
Native extension for WindowsStandalone target not found
Native extension for OSXStandalone target not found
Native extension for WebGL target not found
Refreshing native plugins compatible for Editor in 0.36 ms, found 1 plugins.
Preloading 0 native plugins for Editor in 0.00 ms.
Invoked RoslynAnalysisRunner static constructor.
RoslynAnalysisRunner will not be running.
RoslynAnalysisRunner has terminated.
Mono: successfully reloaded assembly
- Completed reload, in  1.084 seconds
Platform modules already initialized, skipping
Refreshing native plugins compatible for Editor in 0.36 ms, found 1 plugins.
Preloading 0 native plugins for Editor in 0.00 ms.
Unloading 1821 Unused Serialized files (Serialized files now loaded: 0)
System memory in use before: 90.9 MB.
System memory in use after: 90.2 MB.

Unloading 25 unused Assets to reduce memory usage. Loaded Objects now: 2371.
Total: 2.995100 ms (FindLiveObjects: 0.231400 ms CreateObjectMapping: 0.077800 ms MarkObjects: 2.180100 ms  DeleteObjects: 0.503700 ms)

========================================================================
Received Prepare
Registering precompiled user dll's ...
Registered in 0.002230 seconds.
Begin MonoManager ReloadAssembly
Native extension for LinuxStandalone target not found
Native extension for WindowsStandalone target not found
Native extension for OSXStandalone target not found
Native extension for WebGL target not found
Refreshing native plugins compatible for Editor in 0.65 ms, found 1 plugins.
Preloading 0 native plugins for Editor in 0.00 ms.
Invoked RoslynAnalysisRunner static constructor.
RoslynAnalysisRunner will not be running.
RoslynAnalysisRunner has terminated.
Mono: successfully reloaded assembly
- Completed reload, in  1.479 seconds
Platform modules already initialized, skipping
Refreshing native plugins compatible for Editor in 0.35 ms, found 1 plugins.
Preloading 0 native plugins for Editor in 0.00 ms.
Unloading 1824 Unused Serialized files (Serialized files now loaded: 0)
System memory in use before: 91.0 MB.
System memory in use after: 90.3 MB.

Unloading 25 unused Assets to reduce memory usage. Loaded Objects now: 2378.
Total: 2.755700 ms (FindLiveObjects: 0.198100 ms CreateObjectMapping: 0.075100 ms MarkObjects: 2.013600 ms  DeleteObjects: 0.468000 ms)

========================================================================
Received Import Request.
  Time since last request: 27049.458552 seconds.
  path: Assets/Example01/ExampleScript01.cs
  artifactKey: Guid(f1b21726c273c394399274d5e86234b5) Importer(815301076,1909f56bfc062723c751e8b465ee728b)
Start importing Assets/Example01/ExampleScript01.cs using Guid(f1b21726c273c394399274d5e86234b5) Importer(815301076,1909f56bfc062723c751e8b465ee728b)  -> (artifact id: 'e33a788e32606f17bfc512bbddd3496a') in 0.006644 seconds
  Import took 0.010868 seconds .

========================================================================
Received Prepare
Registering precompiled user dll's ...
Registered in 0.001520 seconds.
Begin MonoManager ReloadAssembly
Native extension for LinuxStandalone target not found
Native extension for WindowsStandalone target not found
Native extension for OSXStandalone target not found
Native extension for WebGL target not found
Refreshing native plugins compatible for Editor in 0.36 ms, found 1 plugins.
Preloading 0 native plugins for Editor in 0.00 ms.
Invoked RoslynAnalysisRunner static constructor.
RoslynAnalysisRunner will not be running.
RoslynAnalysisRunner has terminated.
Mono: successfully reloaded assembly
- Completed reload, in  1.120 seconds
Platform modules already initialized, skipping
Refreshing native plugins compatible for Editor in 0.38 ms, found 1 plugins.
Preloading 0 native plugins for Editor in 0.00 ms.
Unloading 1824 Unused Serialized files (Serialized files now loaded: 0)
System memory in use before: 91.0 MB.
System memory in use after: 90.3 MB.

Unloading 25 unused Assets to reduce memory usage. Loaded Objects now: 2382.
Total: 2.663600 ms (FindLiveObjects: 0.229000 ms CreateObjectMapping: 0.063200 ms MarkObjects: 1.852400 ms  DeleteObjects: 0.517600 ms)

========================================================================
Received Import Request.
  Time since last request: 673.677373 seconds.
  path: Assets/Example01/ExampleScript01.cs
  artifactKey: Guid(f1b21726c273c394399274d5e86234b5) Importer(815301076,1909f56bfc062723c751e8b465ee728b)
Start importing Assets/Example01/ExampleScript01.cs using Guid(f1b21726c273c394399274d5e86234b5) Importer(815301076,1909f56bfc062723c751e8b465ee728b)  -> (artifact id: '070e43cf4ec037f35d50fe1ee4e3a6de') in 0.009945 seconds
  Import took 0.015548 seconds .

========================================================================
Received Prepare
Registering precompiled user dll's ...
Registered in 0.001769 seconds.
Begin MonoManager ReloadAssembly
Native extension for LinuxStandalone target not found
Native extension for WindowsStandalone target not found
Native extension for OSXStandalone target not found
Native extension for WebGL target not found
Refreshing native plugins compatible for Editor in 0.42 ms, found 1 plugins.
Preloading 0 native plugins for Editor in 0.00 ms.
Invoked RoslynAnalysisRunner static constructor.
RoslynAnalysisRunner will not be running.
RoslynAnalysisRunner has terminated.
Mono: successfully reloaded assembly
- Completed reload, in  1.087 seconds
Platform modules already initialized, skipping
Refreshing native plugins compatible for Editor in 0.40 ms, found 1 plugins.
Preloading 0 native plugins for Editor in 0.00 ms.
Unloading 1824 Unused Serialized files (Serialized files now loaded: 0)
System memory in use before: 91.0 MB.
System memory in use after: 90.3 MB.

Unloading 25 unused Assets to reduce memory usage. Loaded Objects now: 2386.
Total: 3.157600 ms (FindLiveObjects: 0.285900 ms CreateObjectMapping: 0.093200 ms MarkObjects: 2.340100 ms  DeleteObjects: 0.437400 ms)

========================================================================
Received Import Request.
  Time since last request: 86.825264 seconds.
  path: Assets/Example03/ExampleScript03.cs
  artifactKey: Guid(b1ad04e6770949c4a8d12d74fe45a1a7) Importer(815301076,1909f56bfc062723c751e8b465ee728b)
Start importing Assets/Example03/ExampleScript03.cs using Guid(b1ad04e6770949c4a8d12d74fe45a1a7) Importer(815301076,1909f56bfc062723c751e8b465ee728b)  -> (artifact id: '17a47a4873d7177cf1a091b2239eed37') in 0.007262 seconds
  Import took 0.012796 seconds .

========================================================================
Received Import Request.
  Time since last request: 0.030942 seconds.
  path: Assets/Example03/ExampleScript03.cs
  artifactKey: Guid(b1ad04e6770949c4a8d12d74fe45a1a7) Importer(815301076,1909f56bfc062723c751e8b465ee728b)
Start importing Assets/Example03/ExampleScript03.cs using Guid(b1ad04e6770949c4a8d12d74fe45a1a7) Importer(815301076,1909f56bfc062723c751e8b465ee728b)  -> (artifact id: '17a47a4873d7177cf1a091b2239eed37') in 0.005040 seconds
  Import took 0.008931 seconds .

========================================================================
Received Import Request.
  Time since last request: 0.743161 seconds.
  path: Assets/Example03/ExampleScript03_02.cs
  artifactKey: Guid(828e61103ddf1c34fbac992e5bf19abd) Importer(815301076,1909f56bfc062723c751e8b465ee728b)
Start importing Assets/Example03/ExampleScript03_02.cs using Guid(828e61103ddf1c34fbac992e5bf19abd) Importer(815301076,1909f56bfc062723c751e8b465ee728b)  -> (artifact id: 'c04e31fc84b0d83e7f5f48a1ffa2fd21') in 0.004571 seconds
  Import took 0.008395 seconds .

========================================================================
Received Prepare
Registering precompiled user dll's ...
Registered in 0.001434 seconds.
Begin MonoManager ReloadAssembly
Native extension for LinuxStandalone target not found
Native extension for WindowsStandalone target not found
Native extension for OSXStandalone target not found
Native extension for WebGL target not found
Refreshing native plugins compatible for Editor in 0.62 ms, found 1 plugins.
Preloading 0 native plugins for Editor in 0.00 ms.
Invoked RoslynAnalysisRunner static constructor.
RoslynAnalysisRunner will not be running.
RoslynAnalysisRunner has terminated.
Mono: successfully reloaded assembly
- Completed reload, in  1.242 seconds
Platform modules already initialized, skipping
Refreshing native plugins compatible for Editor in 0.37 ms, found 1 plugins.
Preloading 0 native plugins for Editor in 0.00 ms.
Unloading 1824 Unused Serialized files (Serialized files now loaded: 0)
System memory in use before: 91.0 MB.
System memory in use after: 90.3 MB.

Unloading 25 unused Assets to reduce memory usage. Loaded Objects now: 2390.
Total: 2.691400 ms (FindLiveObjects: 0.215800 ms CreateObjectMapping: 0.074000 ms MarkObjects: 1.972000 ms  DeleteObjects: 0.428400 ms)

========================================================================
Received Import Request.
  Time since last request: 27.443937 seconds.
  path: Assets/Example03/ExampleScript04.cs
  artifactKey: Guid(828e61103ddf1c34fbac992e5bf19abd) Importer(815301076,1909f56bfc062723c751e8b465ee728b)
Start importing Assets/Example03/ExampleScript04.cs using Guid(828e61103ddf1c34fbac992e5bf19abd) Importer(815301076,1909f56bfc062723c751e8b465ee728b)  -> (artifact id: '3168765972ca92b45add4bb5e579e450') in 0.007326 seconds
  Import took 0.011024 seconds .

========================================================================
Received Import Request.
  Time since last request: 48.679208 seconds.
  path: Assets/Example04
  artifactKey: Guid(23f1aa0c277c19f44b87f1c61514303d) Importer(815301076,1909f56bfc062723c751e8b465ee728b)
Start importing Assets/Example04 using Guid(23f1aa0c277c19f44b87f1c61514303d) Importer(815301076,1909f56bfc062723c751e8b465ee728b)  -> (artifact id: 'a6fe4f129b3ddeed2bb8e5fc108615a9') in 0.004701 seconds
  Import took 0.010079 seconds .

========================================================================
Received Prepare
Registering precompiled user dll's ...
Registered in 0.001654 seconds.
Begin MonoManager ReloadAssembly
Native extension for LinuxStandalone target not found
Native extension for WindowsStandalone target not found
Native extension for OSXStandalone target not found
Native extension for WebGL target not found
Refreshing native plugins compatible for Editor in 0.39 ms, found 1 plugins.
Preloading 0 native plugins for Editor in 0.00 ms.
Invoked RoslynAnalysisRunner static constructor.
RoslynAnalysisRunner will not be running.
RoslynAnalysisRunner has terminated.
Mono: successfully reloaded assembly
- Completed reload, in  1.111 seconds
Platform modules already initialized, skipping
Refreshing native plugins compatible for Editor in 0.40 ms, found 1 plugins.
Preloading 0 native plugins for Editor in 0.00 ms.
Unloading 1824 Unused Serialized files (Serialized files now loaded: 0)
System memory in use before: 91.0 MB.
System memory in use after: 90.4 MB.

Unloading 25 unused Assets to reduce memory usage. Loaded Objects now: 2394.
Total: 3.447000 ms (FindLiveObjects: 0.216400 ms CreateObjectMapping: 0.089700 ms MarkObjects: 2.532000 ms  DeleteObjects: 0.607100 ms)

========================================================================
Received Import Request.
  Time since last request: 13.509107 seconds.
  path: Assets/Example03/DestroyWhenOutOfScreen.cs
  artifactKey: Guid(ff4e04cc14350ae47b4f63e3a8f6bee6) Importer(815301076,1909f56bfc062723c751e8b465ee728b)
Start importing Assets/Example03/DestroyWhenOutOfScreen.cs using Guid(ff4e04cc14350ae47b4f63e3a8f6bee6) Importer(815301076,1909f56bfc062723c751e8b465ee728b)  -> (artifact id: 'e4e2ea7eaa48e164c35173833c7f8096') in 0.010233 seconds
  Import took 0.016508 seconds .

========================================================================
Received Import Request.
  Time since last request: 0.014936 seconds.
  path: Assets/Example03/DestroyWhenOutOfScreen.cs
  artifactKey: Guid(ff4e04cc14350ae47b4f63e3a8f6bee6) Importer(815301076,1909f56bfc062723c751e8b465ee728b)
Start importing Assets/Example03/DestroyWhenOutOfScreen.cs using Guid(ff4e04cc14350ae47b4f63e3a8f6bee6) Importer(815301076,1909f56bfc062723c751e8b465ee728b)  -> (artifact id: 'e4e2ea7eaa48e164c35173833c7f8096') in 0.006699 seconds
  Import took 0.012053 seconds .

========================================================================
Received Import Request.
  Time since last request: 13.371854 seconds.
  path: Assets/Prefabs
  artifactKey: Guid(36ae55e0d2edf53408b79f1056f4506a) Importer(815301076,1909f56bfc062723c751e8b465ee728b)
Start importing Assets/Prefabs using Guid(36ae55e0d2edf53408b79f1056f4506a) Importer(815301076,1909f56bfc062723c751e8b465ee728b)  -> (artifact id: 'd9068ebabbd145e7abe229f7c27953bd') in 0.006086 seconds
  Import took 0.011968 seconds .

========================================================================
Received Import Request.
  Time since last request: 7.355230 seconds.
  path: Assets/ExampleScripts
  artifactKey: Guid(7c1e93c37a6069c48855cb188b63fe93) Importer(815301076,1909f56bfc062723c751e8b465ee728b)
Start importing Assets/ExampleScripts using Guid(7c1e93c37a6069c48855cb188b63fe93) Importer(815301076,1909f56bfc062723c751e8b465ee728b)  -> (artifact id: 'd6b8571ac82ea22881cfba06d62bd928') in 0.005275 seconds
  Import took 0.009371 seconds .

========================================================================
Received Prepare
Registering precompiled user dll's ...
Registered in 0.001396 seconds.
Begin MonoManager ReloadAssembly
Native extension for LinuxStandalone target not found
Native extension for WindowsStandalone target not found
Native extension for OSXStandalone target not found
Native extension for WebGL target not found
Refreshing native plugins compatible for Editor in 0.37 ms, found 1 plugins.
Preloading 0 native plugins for Editor in 0.00 ms.
Invoked RoslynAnalysisRunner static constructor.
RoslynAnalysisRunner will not be running.
RoslynAnalysisRunner has terminated.
Mono: successfully reloaded assembly
- Completed reload, in  1.114 seconds
Platform modules already initialized, skipping
Refreshing native plugins compatible for Editor in 0.36 ms, found 1 plugins.
Preloading 0 native plugins for Editor in 0.00 ms.
Unloading 1824 Unused Serialized files (Serialized files now loaded: 0)
System memory in use before: 91.0 MB.
System memory in use after: 90.4 MB.

Unloading 25 unused Assets to reduce memory usage. Loaded Objects now: 2398.
Total: 2.768500 ms (FindLiveObjects: 0.219800 ms CreateObjectMapping: 0.093000 ms MarkObjects: 1.984500 ms  DeleteObjects: 0.470000 ms)

========================================================================
Received Import Request.
  Time since last request: 22.372916 seconds.
  path: Assets/Examples
  artifactKey: Guid(7c1e93c37a6069c48855cb188b63fe93) Importer(815301076,1909f56bfc062723c751e8b465ee728b)
Start importing Assets/Examples using Guid(7c1e93c37a6069c48855cb188b63fe93) Importer(815301076,1909f56bfc062723c751e8b465ee728b)  -> (artifact id: '2f0dfaa452be3260a83141aca7d5042a') in 0.006722 seconds
  Import took 0.011896 seconds .

========================================================================
Received Prepare
Registering precompiled user dll's ...
Registered in 0.001461 seconds.
Begin MonoManager ReloadAssembly
Native extension for LinuxStandalone target not found
Native extension for WindowsStandalone target not found
Native extension for OSXStandalone target not found
Native extension for WebGL target not found
Refreshing native plugins compatible for Editor in 0.37 ms, found 1 plugins.
Preloading 0 native plugins for Editor in 0.00 ms.
Invoked RoslynAnalysisRunner static constructor.
RoslynAnalysisRunner will not be running.
RoslynAnalysisRunner has terminated.
Mono: successfully reloaded assembly
- Completed reload, in  1.117 seconds
Platform modules already initialized, skipping
Refreshing native plugins compatible for Editor in 0.38 ms, found 1 plugins.
Preloading 0 native plugins for Editor in 0.00 ms.
Unloading 1824 Unused Serialized files (Serialized files now loaded: 0)
System memory in use before: 91.0 MB.
System memory in use after: 90.4 MB.

Unloading 25 unused Assets to reduce memory usage. Loaded Objects now: 2402.
Total: 3.190600 ms (FindLiveObjects: 0.205800 ms CreateObjectMapping: 0.076600 ms MarkObjects: 2.081100 ms  DeleteObjects: 0.825900 ms)

========================================================================
Received Prepare
Registering precompiled user dll's ...
Registered in 0.001375 seconds.
Begin MonoManager ReloadAssembly
Native extension for LinuxStandalone target not found
Native extension for WindowsStandalone target not found
Native extension for OSXStandalone target not found
Native extension for WebGL target not found
Refreshing native plugins compatible for Editor in 0.39 ms, found 1 plugins.
Preloading 0 native plugins for Editor in 0.00 ms.
Invoked RoslynAnalysisRunner static constructor.
RoslynAnalysisRunner will not be running.
RoslynAnalysisRunner has terminated.
Mono: successfully reloaded assembly
- Completed reload, in  1.263 seconds
Platform modules already initialized, skipping
Refreshing native plugins compatible for Editor in 0.40 ms, found 1 plugins.
Preloading 0 native plugins for Editor in 0.00 ms.
Unloading 1824 Unused Serialized files (Serialized files now loaded: 0)
System memory in use before: 91.0 MB.
System memory in use after: 90.4 MB.

Unloading 25 unused Assets to reduce memory usage. Loaded Objects now: 2406.
Total: 3.342800 ms (FindLiveObjects: 0.438600 ms CreateObjectMapping: 0.143600 ms MarkObjects: 2.268500 ms  DeleteObjects: 0.490200 ms)

========================================================================
Received Import Request.
  Time since last request: 34.274829 seconds.
  path: Assets/Examples/Example03/ExampleScene03 1.unity
  artifactKey: Guid(f1df2e852a8aab24e9bdcd01db8e7109) Importer(815301076,1909f56bfc062723c751e8b465ee728b)
Start importing Assets/Examples/Example03/ExampleScene03 1.unity using Guid(f1df2e852a8aab24e9bdcd01db8e7109) Importer(815301076,1909f56bfc062723c751e8b465ee728b)  -> (artifact id: 'a9eb7414a9bd9de0d51314403b046ba6') in 0.018063 seconds
  Import took 0.023078 seconds .

========================================================================
Received Import Request.
  Time since last request: 7.443164 seconds.
  path: Assets/Examples/Example03/ExampleScene04.unity
  artifactKey: Guid(f1df2e852a8aab24e9bdcd01db8e7109) Importer(815301076,1909f56bfc062723c751e8b465ee728b)
Start importing Assets/Examples/Example03/ExampleScene04.unity using Guid(f1df2e852a8aab24e9bdcd01db8e7109) Importer(815301076,1909f56bfc062723c751e8b465ee728b)  -> (artifact id: 'faa932814053f6cfd3b797d20305b100') in 0.006619 seconds
  Import took 0.010200 seconds .

========================================================================
Received Import Request.
  Time since last request: 60.484008 seconds.
  path: Assets/Examples/Main Camera.prefab
  artifactKey: Guid(aecd3e4e7348f244fbb3a6ad9910f4b3) Importer(815301076,1909f56bfc062723c751e8b465ee728b)
Start importing Assets/Examples/Main Camera.prefab using Guid(aecd3e4e7348f244fbb3a6ad9910f4b3) Importer(815301076,1909f56bfc062723c751e8b465ee728b)  -> (artifact id: '5bd9df73f228436413a27335ab47a89a') in 0.024242 seconds
  Import took 0.028344 seconds .

========================================================================
Received Import Request.
  Time since last request: 134.867941 seconds.
  path: Assets/Examples/FirePoint.prefab
  artifactKey: Guid(e978924f97131264ea7f770917db2997) Importer(815301076,1909f56bfc062723c751e8b465ee728b)
Start importing Assets/Examples/FirePoint.prefab using Guid(e978924f97131264ea7f770917db2997) Importer(815301076,1909f56bfc062723c751e8b465ee728b)  -> (artifact id: '657c3fd5a6d938c59bf76174ea776aad') in 0.008584 seconds
  Import took 0.012636 seconds .

========================================================================
Received Import Request.
  Time since last request: 0.001380 seconds.
  path: Assets/Examples/FirePoint.prefab
  artifactKey: Guid(e978924f97131264ea7f770917db2997) Importer(815301076,1909f56bfc062723c751e8b465ee728b)
Start importing Assets/Examples/FirePoint.prefab using Guid(e978924f97131264ea7f770917db2997) Importer(815301076,1909f56bfc062723c751e8b465ee728b)  -> (artifact id: '657c3fd5a6d938c59bf76174ea776aad') in 0.006342 seconds
  Import took 0.009752 seconds .

========================================================================
Received Import Request.
  Time since last request: 14.432504 seconds.
  path: Assets/Examples/Example03/ExampleScene04.unity
  artifactKey: Guid(f1df2e852a8aab24e9bdcd01db8e7109) Importer(815301076,1909f56bfc062723c751e8b465ee728b)
Start importing Assets/Examples/Example03/ExampleScene04.unity using Guid(f1df2e852a8aab24e9bdcd01db8e7109) Importer(815301076,1909f56bfc062723c751e8b465ee728b)  -> (artifact id: '82fd11fcf1314d6335bbcc0b24258633') in 0.005098 seconds
  Import took 0.009399 seconds .

========================================================================
Received Prepare
Registering precompiled user dll's ...
Registered in 0.001421 seconds.
Begin MonoManager ReloadAssembly
Native extension for LinuxStandalone target not found
Native extension for WindowsStandalone target not found
Native extension for OSXStandalone target not found
Native extension for WebGL target not found
Refreshing native plugins compatible for Editor in 0.39 ms, found 1 plugins.
Preloading 0 native plugins for Editor in 0.00 ms.
Invoked RoslynAnalysisRunner static constructor.
RoslynAnalysisRunner will not be running.
RoslynAnalysisRunner has terminated.
Mono: successfully reloaded assembly
- Completed reload, in  1.119 seconds
Platform modules already initialized, skipping
Refreshing native plugins compatible for Editor in 0.38 ms, found 1 plugins.
Preloading 0 native plugins for Editor in 0.00 ms.
Unloading 1824 Unused Serialized files (Serialized files now loaded: 0)
System memory in use before: 91.1 MB.
System memory in use after: 90.4 MB.

Unloading 25 unused Assets to reduce memory usage. Loaded Objects now: 2410.
Total: 3.091700 ms (FindLiveObjects: 0.249000 ms CreateObjectMapping: 0.090300 ms MarkObjects: 2.331600 ms  DeleteObjects: 0.419500 ms)

========================================================================
Received Import Request.
  Time since last request: 97.208698 seconds.
  path: Assets/Examples/Example03/ExampleScene04.unity
  artifactKey: Guid(f1df2e852a8aab24e9bdcd01db8e7109) Importer(815301076,1909f56bfc062723c751e8b465ee728b)
Start importing Assets/Examples/Example03/ExampleScene04.unity using Guid(f1df2e852a8aab24e9bdcd01db8e7109) Importer(815301076,1909f56bfc062723c751e8b465ee728b)  -> (artifact id: 'ad93e7ae041a6b81896815a8022d43a9') in 0.015357 seconds
  Import took 0.019669 seconds .

========================================================================
Received Import Request.
  Time since last request: 0.011697 seconds.
  path: Assets/Examples/Example03/ExampleScene04.unity
  artifactKey: Guid(f1df2e852a8aab24e9bdcd01db8e7109) Importer(815301076,1909f56bfc062723c751e8b465ee728b)
Start importing Assets/Examples/Example03/ExampleScene04.unity using Guid(f1df2e852a8aab24e9bdcd01db8e7109) Importer(815301076,1909f56bfc062723c751e8b465ee728b)  -> (artifact id: 'ad93e7ae041a6b81896815a8022d43a9') in 0.005925 seconds
  Import took 0.010941 seconds .

========================================================================
Received Import Request.
  Time since last request: 6.568829 seconds.
  path: Assets/Examples/Example03/ExampleScene04 1.unity
  artifactKey: Guid(8d80232e02319944dbea657312ad38e5) Importer(815301076,1909f56bfc062723c751e8b465ee728b)
Start importing Assets/Examples/Example03/ExampleScene04 1.unity using Guid(8d80232e02319944dbea657312ad38e5) Importer(815301076,1909f56bfc062723c751e8b465ee728b)  -> (artifact id: '2d1baa2de2b227cea9e5c436effd3fc9') in 0.004376 seconds
  Import took 0.009451 seconds .

========================================================================
Received Import Request.
  Time since last request: 7.814902 seconds.
  path: Assets/Examples/Example03/ExampleScene03.unity
  artifactKey: Guid(8d80232e02319944dbea657312ad38e5) Importer(815301076,1909f56bfc062723c751e8b465ee728b)
Start importing Assets/Examples/Example03/ExampleScene03.unity using Guid(8d80232e02319944dbea657312ad38e5) Importer(815301076,1909f56bfc062723c751e8b465ee728b)  -> (artifact id: 'ef4cb8919f969a34b22fb8a1bc280695') in 0.005830 seconds
  Import took 0.010927 seconds .

========================================================================
Received Import Request.
  Time since last request: 44.260144 seconds.
  path: Assets/TextMesh Pro/Resources/Style Sheets/Default Style Sheet.asset
  artifactKey: Guid(f952c082cb03451daed3ee968ac6c63e) Importer(815301076,1909f56bfc062723c751e8b465ee728b)
Start importing Assets/TextMesh Pro/Resources/Style Sheets/Default Style Sheet.asset using Guid(f952c082cb03451daed3ee968ac6c63e) Importer(815301076,1909f56bfc062723c751e8b465ee728b)  -> (artifact id: '1ab2fac3a74f58ece5f19f2fbd84b417') in 0.010227 seconds
  Import took 0.014225 seconds .

========================================================================
Received Import Request.
  Time since last request: 0.000353 seconds.
  path: Assets/TextMesh Pro/Sprites/EmojiOne.png
  artifactKey: Guid(dffef66376be4fa480fb02b19edbe903) Importer(815301076,1909f56bfc062723c751e8b465ee728b)
Start importing Assets/TextMesh Pro/Sprites/EmojiOne.png using Guid(dffef66376be4fa480fb02b19edbe903) Importer(815301076,1909f56bfc062723c751e8b465ee728b)  -> (artifact id: '1a32505b80184763f07d944544d337f6') in 0.108119 seconds
  Import took 0.112493 seconds .

========================================================================
Received Import Request.
  Time since last request: 0.000365 seconds.
  path: Assets/TextMesh Pro/Fonts/LiberationSans.ttf
  artifactKey: Guid(e3265ab4bf004d28a9537516768c1c75) Importer(815301076,1909f56bfc062723c751e8b465ee728b)
Start importing Assets/TextMesh Pro/Fonts/LiberationSans.ttf using Guid(e3265ab4bf004d28a9537516768c1c75) Importer(815301076,1909f56bfc062723c751e8b465ee728b)  -> (artifact id: '54fc6193edb8327b34bb4d270b13dfe8') in 0.084952 seconds
  Import took 0.089403 seconds .

========================================================================
Received Import Request.
  Time since last request: 0.000363 seconds.
  path: Assets/TextMesh Pro/Resources/Sprite Assets/EmojiOne.asset
  artifactKey: Guid(c41005c129ba4d66911b75229fd70b45) Importer(815301076,1909f56bfc062723c751e8b465ee728b)
Start importing Assets/TextMesh Pro/Resources/Sprite Assets/EmojiOne.asset using Guid(c41005c129ba4d66911b75229fd70b45) Importer(815301076,1909f56bfc062723c751e8b465ee728b)  -> (artifact id: '9b7bceec0065701935132439e710f0e8') in 0.011819 seconds
  Import took 0.016364 seconds .

========================================================================
Received Import Request.
  Time since last request: 0.043041 seconds.
  path: Assets/TextMesh Pro/Fonts/LiberationSans.ttf
  artifactKey: Guid(e3265ab4bf004d28a9537516768c1c75) Importer(815301076,1909f56bfc062723c751e8b465ee728b)
Start importing Assets/TextMesh Pro/Fonts/LiberationSans.ttf using Guid(e3265ab4bf004d28a9537516768c1c75) Importer(815301076,1909f56bfc062723c751e8b465ee728b)  -> (artifact id: '54fc6193edb8327b34bb4d270b13dfe8') in 0.013375 seconds
  Import took 0.018035 seconds .

========================================================================
Received Prepare
Registering precompiled user dll's ...
Registered in 0.001691 seconds.
Begin MonoManager ReloadAssembly
Native extension for LinuxStandalone target not found
Native extension for WindowsStandalone target not found
Native extension for OSXStandalone target not found
Native extension for WebGL target not found
Refreshing native plugins compatible for Editor in 0.37 ms, found 1 plugins.
Preloading 0 native plugins for Editor in 0.00 ms.
Invoked RoslynAnalysisRunner static constructor.
RoslynAnalysisRunner will not be running.
RoslynAnalysisRunner has terminated.
Mono: successfully reloaded assembly
- Completed reload, in  1.073 seconds
Platform modules already initialized, skipping
Refreshing native plugins compatible for Editor in 0.36 ms, found 1 plugins.
Preloading 0 native plugins for Editor in 0.00 ms.
Unloading 1824 Unused Serialized files (Serialized files now loaded: 0)
System memory in use before: 91.4 MB.
System memory in use after: 90.8 MB.

Unloading 25 unused Assets to reduce memory usage. Loaded Objects now: 2453.
Total: 2.680500 ms (FindLiveObjects: 0.210500 ms CreateObjectMapping: 0.071700 ms MarkObjects: 1.992000 ms  DeleteObjects: 0.405300 ms)

========================================================================
Received Import Request.
  Time since last request: 40.801345 seconds.
  path: Assets/Examples/Example03/ExampleScene03.unity
  artifactKey: Guid(8d80232e02319944dbea657312ad38e5) Importer(815301076,1909f56bfc062723c751e8b465ee728b)
Start importing Assets/Examples/Example03/ExampleScene03.unity using Guid(8d80232e02319944dbea657312ad38e5) Importer(815301076,1909f56bfc062723c751e8b465ee728b)  -> (artifact id: '0c866b88b23366b42f2e9118289c3aeb') in 0.015412 seconds
  Import took 0.019593 seconds .

========================================================================
Received Import Request.
  Time since last request: 0.011201 seconds.
  path: Assets/Examples/Example03/ExampleScene03.unity
  artifactKey: Guid(8d80232e02319944dbea657312ad38e5) Importer(815301076,1909f56bfc062723c751e8b465ee728b)
Start importing Assets/Examples/Example03/ExampleScene03.unity using Guid(8d80232e02319944dbea657312ad38e5) Importer(815301076,1909f56bfc062723c751e8b465ee728b)  -> (artifact id: '0c866b88b23366b42f2e9118289c3aeb') in 0.007574 seconds
  Import took 0.011669 seconds .

========================================================================
Received Import Request.
  Time since last request: 18.718124 seconds.
  path: Assets/Examples/Example01/ExampleScene01.unity
  artifactKey: Guid(2cda990e2423bbf4892e6590ba056729) Importer(815301076,1909f56bfc062723c751e8b465ee728b)
Start importing Assets/Examples/Example01/ExampleScene01.unity using Guid(2cda990e2423bbf4892e6590ba056729) Importer(815301076,1909f56bfc062723c751e8b465ee728b)  -> (artifact id: 'f2080037a3ce882151cce9fbf59c0ac0') in 0.005816 seconds
  Import took 0.012440 seconds .

========================================================================
Received Prepare
Registering precompiled user dll's ...
Registered in 0.001436 seconds.
Begin MonoManager ReloadAssembly
Native extension for LinuxStandalone target not found
Native extension for WindowsStandalone target not found
Native extension for OSXStandalone target not found
Native extension for WebGL target not found
Refreshing native plugins compatible for Editor in 0.39 ms, found 1 plugins.
Preloading 0 native plugins for Editor in 0.00 ms.
Invoked RoslynAnalysisRunner static constructor.
RoslynAnalysisRunner will not be running.
RoslynAnalysisRunner has terminated.
Mono: successfully reloaded assembly
- Completed reload, in  1.069 seconds
Platform modules already initialized, skipping
Refreshing native plugins compatible for Editor in 0.36 ms, found 1 plugins.
Preloading 0 native plugins for Editor in 0.00 ms.
Unloading 1824 Unused Serialized files (Serialized files now loaded: 0)
System memory in use before: 91.5 MB.
System memory in use after: 90.8 MB.

Unloading 25 unused Assets to reduce memory usage. Loaded Objects now: 2457.
Total: 2.916700 ms (FindLiveObjects: 0.224900 ms CreateObjectMapping: 0.082500 ms MarkObjects: 2.164300 ms  DeleteObjects: 0.443600 ms)

========================================================================
Received Prepare
Registering precompiled user dll's ...
Registered in 0.001420 seconds.
Begin MonoManager ReloadAssembly
Native extension for LinuxStandalone target not found
Native extension for WindowsStandalone target not found
Native extension for OSXStandalone target not found
Native extension for WebGL target not found
Refreshing native plugins compatible for Editor in 0.39 ms, found 1 plugins.
Preloading 0 native plugins for Editor in 0.00 ms.
Invoked RoslynAnalysisRunner static constructor.
RoslynAnalysisRunner will not be running.
RoslynAnalysisRunner has terminated.
Mono: successfully reloaded assembly
- Completed reload, in  1.121 seconds
Platform modules already initialized, skipping
Refreshing native plugins compatible for Editor in 0.36 ms, found 1 plugins.
Preloading 0 native plugins for Editor in 0.00 ms.
Unloading 1824 Unused Serialized files (Serialized files now loaded: 0)
System memory in use before: 91.5 MB.
System memory in use after: 90.8 MB.

Unloading 25 unused Assets to reduce memory usage. Loaded Objects now: 2461.
Total: 2.788500 ms (FindLiveObjects: 0.210500 ms CreateObjectMapping: 0.080600 ms MarkObjects: 2.080000 ms  DeleteObjects: 0.416400 ms)

========================================================================
Received Import Request.
  Time since last request: 127.647915 seconds.
  path: Assets/Examples/Canvas.prefab
  artifactKey: Guid(7d9b02b1d73ab334682fbad655d58801) Importer(815301076,1909f56bfc062723c751e8b465ee728b)
Start importing Assets/Examples/Canvas.prefab using Guid(7d9b02b1d73ab334682fbad655d58801) Importer(815301076,1909f56bfc062723c751e8b465ee728b)  -> (artifact id: '973f59907a47984f2f12340d8cc57ed6') in 0.110338 seconds
  Import took 0.114330 seconds .

========================================================================
Received Import Request.
  Time since last request: 9.908235 seconds.
  path: Assets/Examples/CanvasMiddleText.prefab
  artifactKey: Guid(7d9b02b1d73ab334682fbad655d58801) Importer(815301076,1909f56bfc062723c751e8b465ee728b)
Start importing Assets/Examples/CanvasMiddleText.prefab using Guid(7d9b02b1d73ab334682fbad655d58801) Importer(815301076,1909f56bfc062723c751e8b465ee728b)  -> (artifact id: '29676c70541da0a829cef58f1b681a75') in 0.039614 seconds
  Import took 0.043404 seconds .

========================================================================
Received Prepare
Registering precompiled user dll's ...
Registered in 0.001435 seconds.
Begin MonoManager ReloadAssembly
Native extension for LinuxStandalone target not found
Native extension for WindowsStandalone target not found
Native extension for OSXStandalone target not found
Native extension for WebGL target not found
Refreshing native plugins compatible for Editor in 0.38 ms, found 1 plugins.
Preloading 0 native plugins for Editor in 0.00 ms.
Invoked RoslynAnalysisRunner static constructor.
RoslynAnalysisRunner will not be running.
RoslynAnalysisRunner has terminated.
Mono: successfully reloaded assembly
- Completed reload, in  1.057 seconds
Platform modules already initialized, skipping
Refreshing native plugins compatible for Editor in 0.36 ms, found 1 plugins.
Preloading 0 native plugins for Editor in 0.00 ms.
Unloading 1824 Unused Serialized files (Serialized files now loaded: 0)
System memory in use before: 91.5 MB.
System memory in use after: 90.8 MB.

Unloading 25 unused Assets to reduce memory usage. Loaded Objects now: 2465.
Total: 3.137300 ms (FindLiveObjects: 0.322400 ms CreateObjectMapping: 0.108500 ms MarkObjects: 2.283600 ms  DeleteObjects: 0.421400 ms)

========================================================================
Received Prepare
Registering precompiled user dll's ...
Registered in 0.001409 seconds.
Begin MonoManager ReloadAssembly
Native extension for LinuxStandalone target not found
Native extension for WindowsStandalone target not found
Native extension for OSXStandalone target not found
Native extension for WebGL target not found
Refreshing native plugins compatible for Editor in 0.37 ms, found 1 plugins.
Preloading 0 native plugins for Editor in 0.00 ms.
Invoked RoslynAnalysisRunner static constructor.
RoslynAnalysisRunner will not be running.
RoslynAnalysisRunner has terminated.
Mono: successfully reloaded assembly
- Completed reload, in  1.083 seconds
Platform modules already initialized, skipping
Refreshing native plugins compatible for Editor in 0.36 ms, found 1 plugins.
Preloading 0 native plugins for Editor in 0.00 ms.
Unloading 1824 Unused Serialized files (Serialized files now loaded: 0)
System memory in use before: 91.5 MB.
System memory in use after: 90.8 MB.

Unloading 25 unused Assets to reduce memory usage. Loaded Objects now: 2469.
Total: 2.767200 ms (FindLiveObjects: 0.270600 ms CreateObjectMapping: 0.113200 ms MarkObjects: 1.942000 ms  DeleteObjects: 0.440000 ms)

========================================================================
Received Prepare
Registering precompiled user dll's ...
Registered in 0.001403 seconds.
Begin MonoManager ReloadAssembly
Native extension for LinuxStandalone target not found
Native extension for WindowsStandalone target not found
Native extension for OSXStandalone target not found
Native extension for WebGL target not found
Refreshing native plugins compatible for Editor in 0.37 ms, found 1 plugins.
Preloading 0 native plugins for Editor in 0.00 ms.
Invoked RoslynAnalysisRunner static constructor.
RoslynAnalysisRunner will not be running.
RoslynAnalysisRunner has terminated.
Mono: successfully reloaded assembly
- Completed reload, in  1.075 seconds
Platform modules already initialized, skipping
Refreshing native plugins compatible for Editor in 0.36 ms, found 1 plugins.
Preloading 0 native plugins for Editor in 0.00 ms.
Unloading 1824 Unused Serialized files (Serialized files now loaded: 0)
System memory in use before: 91.5 MB.
System memory in use after: 90.8 MB.

Unloading 25 unused Assets to reduce memory usage. Loaded Objects now: 2473.
Total: 2.793700 ms (FindLiveObjects: 0.227800 ms CreateObjectMapping: 0.079000 ms MarkObjects: 2.014500 ms  DeleteObjects: 0.471000 ms)

========================================================================
Received Import Request.
  Time since last request: 185.040861 seconds.
  path: Assets/Scripts/EventsExtensions.cs
  artifactKey: Guid(5e9cf6ede0c02c34faa54634947fead1) Importer(815301076,1909f56bfc062723c751e8b465ee728b)
Start importing Assets/Scripts/EventsExtensions.cs using Guid(5e9cf6ede0c02c34faa54634947fead1) Importer(815301076,1909f56bfc062723c751e8b465ee728b)  -> (artifact id: '7a224518dfac3757c5ed1dc0bcb16e59') in 0.007642 seconds
  Import took 0.011123 seconds .

AssetImportWorkerClient::OnTransportError - code=2 error=End of file
